{"/home/dauliac/Workspace/koleg/api/tests/domain/main.test.ts":{"path":"/home/dauliac/Workspace/koleg/api/tests/domain/main.test.ts","statementMap":{"0":{"start":{"line":2,"column":0},"end":{"line":2,"column":62}},"1":{"start":{"line":4,"column":24},"end":{"line":4,"column":50}},"2":{"start":{"line":5,"column":23},"end":{"line":5,"column":48}},"3":{"start":{"line":6,"column":23},"end":{"line":6,"column":48}},"4":{"start":{"line":7,"column":19},"end":{"line":7,"column":40}},"5":{"start":{"line":8,"column":22},"end":{"line":8,"column":46}},"6":{"start":{"line":9,"column":17},"end":{"line":9,"column":36}},"7":{"start":{"line":10,"column":14},"end":{"line":10,"column":30}},"8":{"start":{"line":11,"column":16},"end":{"line":11,"column":34}},"9":{"start":{"line":12,"column":15},"end":{"line":12,"column":32}},"10":{"start":{"line":14,"column":0},"end":{"line":30,"column":3}},"11":{"start":{"line":15,"column":4},"end":{"line":29,"column":7}},"12":{"start":{"line":16,"column":8},"end":{"line":28,"column":11}},"13":{"start":{"line":17,"column":12},"end":{"line":26,"column":13}},"14":{"start":{"line":18,"column":37},"end":{"line":18,"column":69}},"15":{"start":{"line":19,"column":16},"end":{"line":22,"column":17}},"16":{"start":{"line":20,"column":32},"end":{"line":20,"column":68}},"17":{"start":{"line":21,"column":20},"end":{"line":21,"column":30}},"18":{"start":{"line":25,"column":16},"end":{"line":25,"column":26}},"19":{"start":{"line":27,"column":12},"end":{"line":27,"column":19}},"20":{"start":{"line":31,"column":0},"end":{"line":42,"column":3}},"21":{"start":{"line":32,"column":4},"end":{"line":41,"column":7}},"22":{"start":{"line":33,"column":8},"end":{"line":40,"column":11}},"23":{"start":{"line":34,"column":29},"end":{"line":34,"column":61}},"24":{"start":{"line":35,"column":12},"end":{"line":38,"column":13}},"25":{"start":{"line":36,"column":28},"end":{"line":36,"column":56}},"26":{"start":{"line":37,"column":16},"end":{"line":37,"column":26}},"27":{"start":{"line":39,"column":12},"end":{"line":39,"column":19}},"28":{"start":{"line":43,"column":0},"end":{"line":55,"column":3}},"29":{"start":{"line":44,"column":4},"end":{"line":54,"column":7}},"30":{"start":{"line":45,"column":8},"end":{"line":53,"column":11}},"31":{"start":{"line":46,"column":12},"end":{"line":51,"column":13}},"32":{"start":{"line":47,"column":47},"end":{"line":47,"column":71}},"33":{"start":{"line":50,"column":16},"end":{"line":50,"column":26}},"34":{"start":{"line":52,"column":12},"end":{"line":52,"column":19}},"35":{"start":{"line":56,"column":0},"end":{"line":68,"column":3}},"36":{"start":{"line":57,"column":4},"end":{"line":67,"column":7}},"37":{"start":{"line":58,"column":8},"end":{"line":66,"column":11}},"38":{"start":{"line":59,"column":12},"end":{"line":64,"column":13}},"39":{"start":{"line":60,"column":28},"end":{"line":60,"column":42}},"40":{"start":{"line":63,"column":16},"end":{"line":63,"column":26}},"41":{"start":{"line":65,"column":12},"end":{"line":65,"column":19}},"42":{"start":{"line":69,"column":0},"end":{"line":86,"column":3}},"43":{"start":{"line":70,"column":4},"end":{"line":85,"column":7}},"44":{"start":{"line":71,"column":8},"end":{"line":84,"column":11}},"45":{"start":{"line":72,"column":12},"end":{"line":82,"column":13}},"46":{"start":{"line":73,"column":37},"end":{"line":73,"column":69}},"47":{"start":{"line":74,"column":32},"end":{"line":74,"column":64}},"48":{"start":{"line":75,"column":16},"end":{"line":78,"column":17}},"49":{"start":{"line":76,"column":32},"end":{"line":76,"column":70}},"50":{"start":{"line":77,"column":20},"end":{"line":77,"column":30}},"51":{"start":{"line":81,"column":16},"end":{"line":81,"column":26}},"52":{"start":{"line":83,"column":12},"end":{"line":83,"column":19}},"53":{"start":{"line":87,"column":0},"end":{"line":106,"column":3}},"54":{"start":{"line":88,"column":4},"end":{"line":105,"column":7}},"55":{"start":{"line":89,"column":8},"end":{"line":104,"column":11}},"56":{"start":{"line":90,"column":12},"end":{"line":102,"column":13}},"57":{"start":{"line":91,"column":37},"end":{"line":91,"column":69}},"58":{"start":{"line":92,"column":38},"end":{"line":92,"column":70}},"59":{"start":{"line":93,"column":37},"end":{"line":93,"column":84}},"60":{"start":{"line":94,"column":16},"end":{"line":98,"column":17}},"61":{"start":{"line":96,"column":32},"end":{"line":96,"column":70}},"62":{"start":{"line":97,"column":20},"end":{"line":97,"column":30}},"63":{"start":{"line":101,"column":16},"end":{"line":101,"column":26}},"64":{"start":{"line":103,"column":12},"end":{"line":103,"column":19}},"65":{"start":{"line":107,"column":0},"end":{"line":119,"column":3}},"66":{"start":{"line":108,"column":4},"end":{"line":118,"column":7}},"67":{"start":{"line":109,"column":8},"end":{"line":117,"column":11}},"68":{"start":{"line":110,"column":12},"end":{"line":115,"column":13}},"69":{"start":{"line":111,"column":31},"end":{"line":111,"column":51}},"70":{"start":{"line":114,"column":16},"end":{"line":114,"column":26}},"71":{"start":{"line":116,"column":12},"end":{"line":116,"column":19}},"72":{"start":{"line":120,"column":0},"end":{"line":132,"column":3}},"73":{"start":{"line":121,"column":4},"end":{"line":131,"column":7}},"74":{"start":{"line":122,"column":8},"end":{"line":130,"column":11}},"75":{"start":{"line":123,"column":12},"end":{"line":128,"column":13}},"76":{"start":{"line":124,"column":36},"end":{"line":124,"column":66}},"77":{"start":{"line":127,"column":16},"end":{"line":127,"column":26}},"78":{"start":{"line":129,"column":12},"end":{"line":129,"column":19}},"79":{"start":{"line":133,"column":0},"end":{"line":145,"column":3}},"80":{"start":{"line":134,"column":4},"end":{"line":144,"column":7}},"81":{"start":{"line":135,"column":8},"end":{"line":143,"column":11}},"82":{"start":{"line":136,"column":33},"end":{"line":136,"column":65}},"83":{"start":{"line":137,"column":34},"end":{"line":137,"column":80}},"84":{"start":{"line":138,"column":12},"end":{"line":141,"column":13}},"85":{"start":{"line":139,"column":28},"end":{"line":139,"column":56}},"86":{"start":{"line":140,"column":16},"end":{"line":140,"column":26}},"87":{"start":{"line":142,"column":12},"end":{"line":142,"column":19}},"88":{"start":{"line":146,"column":0},"end":{"line":192,"column":3}},"89":{"start":{"line":147,"column":4},"end":{"line":191,"column":7}},"90":{"start":{"line":148,"column":29},"end":{"line":148,"column":61}},"91":{"start":{"line":150,"column":8},"end":{"line":162,"column":11}},"92":{"start":{"line":151,"column":12},"end":{"line":160,"column":13}},"93":{"start":{"line":152,"column":16},"end":{"line":152,"column":56}},"94":{"start":{"line":153,"column":16},"end":{"line":156,"column":17}},"95":{"start":{"line":154,"column":32},"end":{"line":154,"column":69}},"96":{"start":{"line":155,"column":20},"end":{"line":155,"column":30}},"97":{"start":{"line":159,"column":16},"end":{"line":159,"column":26}},"98":{"start":{"line":161,"column":12},"end":{"line":161,"column":19}},"99":{"start":{"line":163,"column":8},"end":{"line":178,"column":11}},"100":{"start":{"line":164,"column":12},"end":{"line":176,"column":13}},"101":{"start":{"line":165,"column":16},"end":{"line":168,"column":17}},"102":{"start":{"line":166,"column":32},"end":{"line":166,"column":63}},"103":{"start":{"line":167,"column":20},"end":{"line":167,"column":30}},"104":{"start":{"line":169,"column":16},"end":{"line":172,"column":17}},"105":{"start":{"line":170,"column":32},"end":{"line":170,"column":58}},"106":{"start":{"line":171,"column":20},"end":{"line":171,"column":30}},"107":{"start":{"line":175,"column":16},"end":{"line":175,"column":26}},"108":{"start":{"line":177,"column":12},"end":{"line":177,"column":19}},"109":{"start":{"line":179,"column":8},"end":{"line":190,"column":11}},"110":{"start":{"line":180,"column":12},"end":{"line":188,"column":13}},"111":{"start":{"line":181,"column":16},"end":{"line":184,"column":17}},"112":{"start":{"line":182,"column":32},"end":{"line":182,"column":56}},"113":{"start":{"line":183,"column":20},"end":{"line":183,"column":30}},"114":{"start":{"line":187,"column":16},"end":{"line":187,"column":26}},"115":{"start":{"line":189,"column":12},"end":{"line":189,"column":19}}},"fnMap":{"0":{"name":"(anonymous_0)","decl":{"start":{"line":14,"column":25},"end":{"line":14,"column":26}},"loc":{"start":{"line":14,"column":31},"end":{"line":30,"column":1}},"line":14},"1":{"name":"(anonymous_1)","decl":{"start":{"line":15,"column":24},"end":{"line":15,"column":25}},"loc":{"start":{"line":15,"column":30},"end":{"line":29,"column":5}},"line":15},"2":{"name":"(anonymous_2)","decl":{"start":{"line":16,"column":46},"end":{"line":16,"column":47}},"loc":{"start":{"line":16,"column":56},"end":{"line":28,"column":9}},"line":16},"3":{"name":"(anonymous_3)","decl":{"start":{"line":31,"column":21},"end":{"line":31,"column":22}},"loc":{"start":{"line":31,"column":27},"end":{"line":42,"column":1}},"line":31},"4":{"name":"(anonymous_4)","decl":{"start":{"line":32,"column":24},"end":{"line":32,"column":25}},"loc":{"start":{"line":32,"column":30},"end":{"line":41,"column":5}},"line":32},"5":{"name":"(anonymous_5)","decl":{"start":{"line":33,"column":46},"end":{"line":33,"column":47}},"loc":{"start":{"line":33,"column":56},"end":{"line":40,"column":9}},"line":33},"6":{"name":"(anonymous_6)","decl":{"start":{"line":43,"column":21},"end":{"line":43,"column":22}},"loc":{"start":{"line":43,"column":27},"end":{"line":55,"column":1}},"line":43},"7":{"name":"(anonymous_7)","decl":{"start":{"line":44,"column":24},"end":{"line":44,"column":25}},"loc":{"start":{"line":44,"column":30},"end":{"line":54,"column":5}},"line":44},"8":{"name":"(anonymous_8)","decl":{"start":{"line":45,"column":46},"end":{"line":45,"column":47}},"loc":{"start":{"line":45,"column":56},"end":{"line":53,"column":9}},"line":45},"9":{"name":"(anonymous_9)","decl":{"start":{"line":56,"column":16},"end":{"line":56,"column":17}},"loc":{"start":{"line":56,"column":22},"end":{"line":68,"column":1}},"line":56},"10":{"name":"(anonymous_10)","decl":{"start":{"line":57,"column":24},"end":{"line":57,"column":25}},"loc":{"start":{"line":57,"column":30},"end":{"line":67,"column":5}},"line":57},"11":{"name":"(anonymous_11)","decl":{"start":{"line":58,"column":46},"end":{"line":58,"column":47}},"loc":{"start":{"line":58,"column":56},"end":{"line":66,"column":9}},"line":58},"12":{"name":"(anonymous_12)","decl":{"start":{"line":69,"column":18},"end":{"line":69,"column":19}},"loc":{"start":{"line":69,"column":24},"end":{"line":86,"column":1}},"line":69},"13":{"name":"(anonymous_13)","decl":{"start":{"line":70,"column":24},"end":{"line":70,"column":25}},"loc":{"start":{"line":70,"column":30},"end":{"line":85,"column":5}},"line":70},"14":{"name":"(anonymous_14)","decl":{"start":{"line":71,"column":46},"end":{"line":71,"column":47}},"loc":{"start":{"line":71,"column":56},"end":{"line":84,"column":9}},"line":71},"15":{"name":"(anonymous_15)","decl":{"start":{"line":87,"column":18},"end":{"line":87,"column":19}},"loc":{"start":{"line":87,"column":24},"end":{"line":106,"column":1}},"line":87},"16":{"name":"(anonymous_16)","decl":{"start":{"line":88,"column":36},"end":{"line":88,"column":37}},"loc":{"start":{"line":88,"column":42},"end":{"line":105,"column":5}},"line":88},"17":{"name":"(anonymous_17)","decl":{"start":{"line":89,"column":46},"end":{"line":89,"column":47}},"loc":{"start":{"line":89,"column":56},"end":{"line":104,"column":9}},"line":89},"18":{"name":"(anonymous_18)","decl":{"start":{"line":107,"column":19},"end":{"line":107,"column":20}},"loc":{"start":{"line":107,"column":25},"end":{"line":119,"column":1}},"line":107},"19":{"name":"(anonymous_19)","decl":{"start":{"line":108,"column":24},"end":{"line":108,"column":25}},"loc":{"start":{"line":108,"column":30},"end":{"line":118,"column":5}},"line":108},"20":{"name":"(anonymous_20)","decl":{"start":{"line":109,"column":46},"end":{"line":109,"column":47}},"loc":{"start":{"line":109,"column":56},"end":{"line":117,"column":9}},"line":109},"21":{"name":"(anonymous_21)","decl":{"start":{"line":120,"column":24},"end":{"line":120,"column":25}},"loc":{"start":{"line":120,"column":30},"end":{"line":132,"column":1}},"line":120},"22":{"name":"(anonymous_22)","decl":{"start":{"line":121,"column":24},"end":{"line":121,"column":25}},"loc":{"start":{"line":121,"column":30},"end":{"line":131,"column":5}},"line":121},"23":{"name":"(anonymous_23)","decl":{"start":{"line":122,"column":46},"end":{"line":122,"column":47}},"loc":{"start":{"line":122,"column":56},"end":{"line":130,"column":9}},"line":122},"24":{"name":"(anonymous_24)","decl":{"start":{"line":133,"column":26},"end":{"line":133,"column":27}},"loc":{"start":{"line":133,"column":32},"end":{"line":145,"column":1}},"line":133},"25":{"name":"(anonymous_25)","decl":{"start":{"line":134,"column":24},"end":{"line":134,"column":25}},"loc":{"start":{"line":134,"column":30},"end":{"line":144,"column":5}},"line":134},"26":{"name":"(anonymous_26)","decl":{"start":{"line":135,"column":46},"end":{"line":135,"column":47}},"loc":{"start":{"line":135,"column":56},"end":{"line":143,"column":9}},"line":135},"27":{"name":"(anonymous_27)","decl":{"start":{"line":146,"column":25},"end":{"line":146,"column":26}},"loc":{"start":{"line":146,"column":31},"end":{"line":192,"column":1}},"line":146},"28":{"name":"(anonymous_28)","decl":{"start":{"line":147,"column":24},"end":{"line":147,"column":25}},"loc":{"start":{"line":147,"column":30},"end":{"line":191,"column":5}},"line":147},"29":{"name":"(anonymous_29)","decl":{"start":{"line":150,"column":49},"end":{"line":150,"column":50}},"loc":{"start":{"line":150,"column":59},"end":{"line":162,"column":9}},"line":150},"30":{"name":"(anonymous_30)","decl":{"start":{"line":163,"column":43},"end":{"line":163,"column":44}},"loc":{"start":{"line":163,"column":53},"end":{"line":178,"column":9}},"line":163},"31":{"name":"(anonymous_31)","decl":{"start":{"line":179,"column":51},"end":{"line":179,"column":52}},"loc":{"start":{"line":179,"column":61},"end":{"line":190,"column":9}},"line":179}},"branchMap":{"0":{"loc":{"start":{"line":19,"column":16},"end":{"line":22,"column":17}},"type":"if","locations":[{"start":{"line":19,"column":16},"end":{"line":22,"column":17}},{"start":{"line":19,"column":16},"end":{"line":22,"column":17}}],"line":19},"1":{"loc":{"start":{"line":35,"column":12},"end":{"line":38,"column":13}},"type":"if","locations":[{"start":{"line":35,"column":12},"end":{"line":38,"column":13}},{"start":{"line":35,"column":12},"end":{"line":38,"column":13}}],"line":35},"2":{"loc":{"start":{"line":75,"column":16},"end":{"line":78,"column":17}},"type":"if","locations":[{"start":{"line":75,"column":16},"end":{"line":78,"column":17}},{"start":{"line":75,"column":16},"end":{"line":78,"column":17}}],"line":75},"3":{"loc":{"start":{"line":94,"column":16},"end":{"line":98,"column":17}},"type":"if","locations":[{"start":{"line":94,"column":16},"end":{"line":98,"column":17}},{"start":{"line":94,"column":16},"end":{"line":98,"column":17}}],"line":94},"4":{"loc":{"start":{"line":94,"column":20},"end":{"line":95,"column":73}},"type":"binary-expr","locations":[{"start":{"line":94,"column":20},"end":{"line":94,"column":71}},{"start":{"line":95,"column":23},"end":{"line":95,"column":73}}],"line":94},"5":{"loc":{"start":{"line":138,"column":12},"end":{"line":141,"column":13}},"type":"if","locations":[{"start":{"line":138,"column":12},"end":{"line":141,"column":13}},{"start":{"line":138,"column":12},"end":{"line":141,"column":13}}],"line":138},"6":{"loc":{"start":{"line":153,"column":16},"end":{"line":156,"column":17}},"type":"if","locations":[{"start":{"line":153,"column":16},"end":{"line":156,"column":17}},{"start":{"line":153,"column":16},"end":{"line":156,"column":17}}],"line":153},"7":{"loc":{"start":{"line":165,"column":16},"end":{"line":168,"column":17}},"type":"if","locations":[{"start":{"line":165,"column":16},"end":{"line":168,"column":17}},{"start":{"line":165,"column":16},"end":{"line":168,"column":17}}],"line":165},"8":{"loc":{"start":{"line":169,"column":16},"end":{"line":172,"column":17}},"type":"if","locations":[{"start":{"line":169,"column":16},"end":{"line":172,"column":17}},{"start":{"line":169,"column":16},"end":{"line":172,"column":17}}],"line":169},"9":{"loc":{"start":{"line":181,"column":16},"end":{"line":184,"column":17}},"type":"if","locations":[{"start":{"line":181,"column":16},"end":{"line":184,"column":17}},{"start":{"line":181,"column":16},"end":{"line":184,"column":17}}],"line":181}},"s":{"0":1,"1":1,"2":1,"3":1,"4":1,"5":1,"6":1,"7":1,"8":1,"9":1,"10":1,"11":1,"12":1,"13":1,"14":1,"15":1,"16":0,"17":0,"18":0,"19":1,"20":1,"21":1,"22":1,"23":1,"24":1,"25":0,"26":0,"27":1,"28":1,"29":1,"30":1,"31":1,"32":1,"33":0,"34":1,"35":1,"36":1,"37":1,"38":1,"39":1,"40":0,"41":1,"42":1,"43":1,"44":1,"45":1,"46":1,"47":1,"48":1,"49":0,"50":0,"51":0,"52":1,"53":1,"54":1,"55":1,"56":1,"57":1,"58":1,"59":1,"60":1,"61":0,"62":0,"63":0,"64":1,"65":1,"66":1,"67":1,"68":1,"69":1,"70":0,"71":1,"72":1,"73":1,"74":1,"75":1,"76":1,"77":0,"78":1,"79":1,"80":1,"81":1,"82":1,"83":1,"84":1,"85":0,"86":0,"87":1,"88":1,"89":1,"90":1,"91":1,"92":1,"93":1,"94":1,"95":0,"96":0,"97":0,"98":1,"99":1,"100":1,"101":1,"102":0,"103":0,"104":1,"105":0,"106":0,"107":0,"108":1,"109":1,"110":1,"111":1,"112":0,"113":0,"114":0,"115":1},"f":{"0":1,"1":1,"2":1,"3":1,"4":1,"5":1,"6":1,"7":1,"8":1,"9":1,"10":1,"11":1,"12":1,"13":1,"14":1,"15":1,"16":1,"17":1,"18":1,"19":1,"20":1,"21":1,"22":1,"23":1,"24":1,"25":1,"26":1,"27":1,"28":1,"29":1,"30":1,"31":1},"b":{"0":[0,1],"1":[0,1],"2":[0,1],"3":[0,1],"4":[1,1],"5":[0,1],"6":[0,1],"7":[0,1],"8":[0,1],"9":[0,1]},"inputSourceMap":{"version":3,"file":"/home/dauliac/Workspace/koleg/api/tests/domain/main.test.ts","sources":["/home/dauliac/Workspace/koleg/api/tests/domain/main.test.ts"],"names":[],"mappings":";;AAOA,wDAAwD;AAExD,mDAAmD;AACnD,iDAAiD;AACjD,iDAAiD;AACjD,yCAAyC;AACzC,+CAA+C;AAC/C,qCAAqC;AACrC,+BAA+B;AAC/B,mCAAqC;AACrC,iCAAmC;AACnC,mCAAmC;AAEnC,QAAQ,CAAC,cAAc,EAAE,GAAG,EAAE;IAC1B,QAAQ,CAAC,SAAS,EAAE,GAAG,EAAE;QACvB,EAAE,CAAC,iCAAiC,EAAE,CAAC,IAAI,EAAE,EAAE;YAC7C,IAAI;gBACA,MAAM,YAAY,GAAgB,8BAAe,EAAE,CAAC;gBACpD,IAAG,CAAC,YAAY,EAAE;oBACd,MAAM,GAAG,GAAG,oCAAoC,CAAC;oBACjD,IAAI,CAAC,GAAG,CAAC,CAAC;iBACb;aACJ;YAAC,OAAO,GAAG,EAAE;gBACV,IAAI,CAAC,GAAG,CAAC,CAAC;aACb;YACD,IAAI,EAAE,CAAC;QACX,CAAC,CAAC,CAAC;IACH,CAAC,CAAC,CAAC;AACP,CAAC,CAAC,CAAC;AAEH,QAAQ,CAAC,UAAU,EAAE,GAAG,EAAE;IACtB,QAAQ,CAAC,SAAS,EAAE,GAAG,EAAE;QACvB,EAAE,CAAC,iCAAiC,EAAE,CAAC,IAAI,EAAE,EAAE;YAC3C,MAAM,QAAQ,GAAgB,8BAAe,EAAE,CAAC;YAChD,IAAG,CAAC,QAAQ,EAAE;gBACV,MAAM,GAAG,GAAG,4BAA4B,CAAC;gBACzC,IAAI,CAAC,GAAG,CAAC,CAAC;aACb;YACH,IAAI,EAAE,CAAC;QACX,CAAC,CAAC,CAAC;IACH,CAAC,CAAC,CAAC;AACP,CAAC,CAAC,CAAC;AAEH,QAAQ,CAAC,UAAU,EAAE,GAAG,EAAE;IACtB,QAAQ,CAAC,SAAS,EAAE,GAAG,EAAE;QACvB,EAAE,CAAC,iCAAiC,EAAE,CAAC,IAAI,EAAE,EAAE;YAC7C,IAAI;gBACA,MAAM,sBAAsB,GAAY,sBAAW,EAAE,CAAC;aACzD;YAAC,OAAO,GAAG,EAAE;gBACV,IAAI,CAAC,GAAG,CAAC,CAAC;aACb;YACD,IAAI,EAAE,CAAC;QACX,CAAC,CAAC,CAAC;IACH,CAAC,CAAC,CAAC;AACP,CAAC,CAAC,CAAC;AAEH,QAAQ,CAAC,KAAK,EAAE,GAAG,EAAE;IACjB,QAAQ,CAAC,SAAS,EAAE,GAAG,EAAE;QACvB,EAAE,CAAC,iCAAiC,EAAE,CAAC,IAAI,EAAE,EAAE;YAC7C,IAAI;gBACA,MAAM,GAAG,GAAO,YAAM,EAAE,CAAC;aAC5B;YAAC,OAAO,GAAG,EAAE;gBACV,IAAI,CAAC,GAAG,CAAC,CAAC;aACb;YACD,IAAI,EAAE,CAAC;QACX,CAAC,CAAC,CAAC;IACH,CAAC,CAAC,CAAC;AACP,CAAC,CAAC,CAAC;AAEH,QAAQ,CAAC,OAAO,EAAE,GAAG,EAAE;IACnB,QAAQ,CAAC,SAAS,EAAE,GAAG,EAAE;QACvB,EAAE,CAAC,iCAAiC,EAAE,CAAC,IAAI,EAAE,EAAE;YAC7C,IAAI;gBACA,MAAM,YAAY,GAAgB,8BAAe,EAAE,CAAC;gBACpD,MAAM,OAAO,GAAU,kBAAU,CAAC,YAAY,CAAC,CAAC;gBAEhD,IAAG,CAAC,YAAY,CAAC,sBAAsB,CAAC,OAAO,CAAC,EAAE;oBAC9C,MAAM,GAAG,GAAG,sCAAsC,CAAC;oBACnD,IAAI,CAAC,GAAG,CAAC,CAAC;iBACb;aACJ;YAAC,OAAO,GAAG,EAAE;gBACV,IAAI,CAAC,GAAG,CAAC,CAAC;aACb;YAED,IAAI,EAAE,CAAC;QACT,CAAC,CAAC,CAAC;IACL,CAAC,CAAC,CAAC;AACP,CAAC,CAAC,CAAC;AAEH,QAAQ,CAAC,OAAO,EAAE,GAAG,EAAE;IACnB,QAAQ,CAAC,qBAAqB,EAAE,GAAG,EAAE;QACnC,EAAE,CAAC,iCAAiC,EAAE,CAAC,IAAI,EAAE,EAAE;YAC7C,IAAI;gBACA,MAAM,YAAY,GAAgB,8BAAe,EAAE,CAAC;gBACpD,MAAM,aAAa,GAAU,kBAAU,CAAC,YAAY,CAAC,CAAC;gBACtD,MAAM,YAAY,GAAU,kBAAU,CAAC,YAAY,EAAE,aAAa,CAAC,CAAC;gBAEpE,IACE,CAAC,YAAY,CAAC,sBAAsB,CAAC,aAAa,CAAC;uBAChD,CAAC,YAAY,CAAC,sBAAsB,CAAC,YAAY,CAAC,EACrD;oBACE,MAAM,GAAG,GAAG,sCAAsC,CAAC;oBACnD,IAAI,CAAC,GAAG,CAAC,CAAC;iBACb;aACJ;YAAC,OAAO,GAAG,EAAE;gBACV,IAAI,CAAC,GAAG,CAAC,CAAC;aACb;YAED,IAAI,EAAE,CAAC;QACT,CAAC,CAAC,CAAC;IACL,CAAC,CAAC,CAAC;AACP,CAAC,CAAC,CAAC;AAGH,QAAQ,CAAC,QAAQ,EAAE,GAAG,EAAE;IACpB,QAAQ,CAAC,SAAS,EAAE,GAAG,EAAE;QACvB,EAAE,CAAC,iCAAiC,EAAE,CAAC,IAAI,EAAE,EAAE;YAC7C,IAAI;gBACA,MAAM,MAAM,GAAU,kBAAS,EAAE,CAAC;aACrC;YAAC,OAAO,GAAG,EAAE;gBACV,IAAI,CAAC,GAAG,CAAC,CAAC;aACb;YACD,IAAI,EAAE,CAAC;QACX,CAAC,CAAC,CAAC;IACH,CAAC,CAAC,CAAC;AACP,CAAC,CAAC,CAAC;AAEH,QAAQ,CAAC,aAAa,EAAE,GAAG,EAAE;IACzB,QAAQ,CAAC,SAAS,EAAE,GAAG,EAAE;QACvB,EAAE,CAAC,iCAAiC,EAAE,CAAC,IAAI,EAAE,EAAE;YAC7C,IAAI;gBACA,MAAM,WAAW,GAAgB,4BAAc,EAAE,CAAC;aACrD;YAAC,OAAO,GAAG,EAAE;gBACV,IAAI,CAAC,GAAG,CAAC,CAAA;aACZ;YACD,IAAI,EAAE,CAAC;QACX,CAAC,CAAC,CAAC;IACH,CAAC,CAAC,CAAC;AACP,CAAC,CAAC,CAAC;AAEH,QAAQ,CAAC,eAAe,EAAE,GAAG,EAAE;IAC3B,QAAQ,CAAC,SAAS,EAAE,GAAG,EAAE;QACvB,EAAE,CAAC,iCAAiC,EAAE,CAAC,IAAI,EAAE,EAAE;YAC3C,MAAM,YAAY,GAAgB,8BAAe,EAAE,CAAC;YAEpD,MAAM,aAAa,GAAkB,gCAAgB,CAAC,YAAY,CAAC,CAAC;YACpE,IAAG,CAAC,aAAa,EAAE;gBACf,MAAM,GAAG,GAAG,4BAA4B,CAAC;gBACzC,IAAI,CAAC,GAAG,CAAC,CAAC;aACb;YACH,IAAI,EAAE,CAAC;QACX,CAAC,CAAC,CAAC;IACH,CAAC,CAAC,CAAC;AACP,CAAC,CAAC,CAAC;AAIH,QAAQ,CAAC,cAAc,EAAE,GAAG,EAAE;IAC5B,QAAQ,CAAC,SAAS,EAAE,GAAG,EAAE;QACvB,MAAM,YAAY,GAAgB,8BAAe,EAAE,CAAC;QACpD,IAAI,MAAc,CAAC;QACnB,EAAE,CAAC,oCAAoC,EAAE,CAAC,IAAI,EAAE,EAAE;YAChD,IAAI;gBACF,MAAM,GAAG,gBAAS,CAAC,YAAY,CAAC,CAAC;gBACjC,IAAG,CAAC,YAAY,CAAC,mBAAmB,CAAC,MAAM,CAAC,EAAE;oBAC5C,MAAM,GAAG,GAAG,qCAAqC,CAAC;oBAClD,IAAI,CAAC,GAAG,CAAC,CAAC;iBACX;aACF;YAAC,OAAO,GAAG,EAAE;gBACZ,IAAI,CAAC,GAAG,CAAC,CAAA;aACV;YACD,IAAI,EAAE,CAAC;QACT,CAAC,CAAC,CAAC;QACH,EAAE,CAAC,8BAA8B,EAAE,CAAC,IAAI,EAAE,EAAE;YAC1C,IAAI;gBACF,IAAG,CAAC,YAAY,CAAC,gBAAgB,EAAE,EAAE;oBACnC,MAAM,GAAG,GAAG,+BAA+B,CAAC;oBAC5C,IAAI,CAAC,GAAG,CAAC,CAAC;iBACX;gBACD,IAAG,CAAC,YAAY,CAAC,mBAAmB,CAAC,MAAM,CAAC,EAAE;oBAC5C,MAAM,GAAG,GAAG,0BAA0B,CAAC;oBACvC,IAAI,CAAC,GAAG,CAAC,CAAC;iBACX;aACF;YAAC,OAAO,GAAG,EAAE;gBACZ,IAAI,CAAC,GAAG,CAAC,CAAA;aACV;YACD,IAAI,EAAE,CAAC;QACT,CAAC,CAAC,CAAC;QACH,EAAE,CAAC,sCAAsC,EAAE,CAAC,IAAI,EAAE,EAAE;YAClD,IAAI;gBACF,IAAG,CAAC,YAAY,CAAC,UAAU,CAAC,MAAM,CAAC,EAAE;oBACnC,MAAM,GAAG,GAAG,wBAAwB,CAAC;oBACrC,IAAI,CAAC,GAAG,CAAC,CAAC;iBACX;aACF;YAAC,OAAO,GAAG,EAAE;gBACZ,IAAI,CAAC,GAAG,CAAC,CAAA;aACV;YACD,IAAI,EAAE,CAAC;QACT,CAAC,CAAC,CAAC;IACL,CAAC,CAAC,CAAC;AACL,CAAC,CAAC,CAAC","sourcesContent":["import { Organisation } from '../../src/domain/organisation';\nimport { UserIdentity } from '../../src/domain/user/UserIdentity';\nimport { Password } from '../../src/domain/user/Password';\nimport { StatelessUser } from '../../src/domain/user/StatelessUser';\nimport { SshKey } from '../../src/domain/user/SshKey';\nimport { Job } from '../../src/domain/user/Job';\nimport { PhoneNumber } from '../../src/domain/user/PhoneNumber';\n// import { Group } from '../../src/domain/group/Group';\n\nimport { genStatelessUser } from './statelessUser';\nimport { genOrganisation } from './organisation';\nimport { genUserIdentity } from './userIdentity';\nimport { genPassword } from './password';\nimport { genPhoneNumber } from './phoneNumber';\nimport { genSshKey } from './sshKey';\nimport { genJob } from './job';\nimport { genGroupId } from './group';\nimport { genUserId } from './user';\n// import { strict } from 'assert';\n\ndescribe('Organisation', () => {\n    describe('#init()', () => {\n      it('should be created without error', (done) => {\n        try {\n            const organisation:Organisation = genOrganisation();\n            if(!organisation) {\n                const err = \"There is not organisation created.\";\n                done(err);\n            }\n        } catch (err) {\n            done(err);\n        }\n        done();\n    });\n    });\n});\n\ndescribe('Identity', () => {\n    describe('#init()', () => {\n      it('should be created without error', (done) => {\n          const identity:UserIdentity = genUserIdentity();\n          if(!identity) {\n              const err = \"User identity is undefined\";\n              done(err);\n          }\n        done();\n    });\n    });\n});\n\ndescribe('Password', () => {\n    describe('#init()', () => {\n      it('should be created without error', (done) => {\n        try {\n            const passwordWithExpiration:Password = genPassword();\n        } catch (err) {\n            done(err);\n        }\n        done();\n    });\n    });\n});\n\ndescribe('Job', () => {\n    describe('#init()', () => {\n      it('should be created without error', (done) => {\n        try {\n            const job:Job = genJob();\n        } catch (err) {\n            done(err);\n        }\n        done();\n    });\n    });\n});\n\ndescribe('Group', () => {\n    describe('#init()', () => {\n      it('should be created without error', (done) => {\n        try {\n            const organisation:Organisation = genOrganisation();\n            const groupId:string = genGroupId(organisation);\n\n            if(!organisation.getGroupPropertiesById(groupId)) {\n                const err = \"There is not group into organisation\";\n                done(err);\n            }\n        } catch (err) {\n            done(err);\n        }\n\n        done();\n      });\n    });\n});\n\ndescribe('Group', () => {\n    describe('#init() with parent', () => {\n      it('should be created without error', (done) => {\n        try {\n            const organisation:Organisation = genOrganisation();\n            const parentGroupId:string = genGroupId(organisation);\n            const childGroupId:string = genGroupId(organisation, parentGroupId);\n\n            if(\n              !organisation.getGroupPropertiesById(parentGroupId)\n              || !organisation.getGroupPropertiesById(childGroupId)\n            ) {\n                const err = \"There is not group into organisation\";\n                done(err);\n            }\n        } catch (err) {\n            done(err);\n        }\n\n        done();\n      });\n    });\n});\n\n\ndescribe('SshKey', () => {\n    describe('#init()', () => {\n      it('should be created without error', (done) => {\n        try {\n            const sshKey:SshKey = genSshKey();\n        } catch (err) {\n            done(err);\n        }\n        done();\n    });\n    });\n});\n\ndescribe('PhoneNumber', () => {\n    describe('#init()', () => {\n      it('should be created without error', (done) => {\n        try {\n            const phoneNumber: PhoneNumber = genPhoneNumber();\n        } catch (err) {\n            done(err)\n        }\n        done();\n    });\n    });\n});\n\ndescribe('StatelessUser', () => {\n    describe('#init()', () => {\n      it('should be created without error', (done) => {\n          const organisation:Organisation = genOrganisation();\n\n          const statelessUser: StatelessUser = genStatelessUser(organisation);\n          if(!statelessUser) {\n              const err = \"statelessUser is undefined\";\n              done(err);\n          }\n        done();\n    });\n    });\n});\n\n\n\ndescribe('Organisation', () => {\n  describe('#User()', () => {\n    const organisation:Organisation = genOrganisation();\n    let userId: string;\n    it('user should be added without error', (done) => {\n      try {\n        userId = genUserId(organisation);\n        if(!organisation.getReadableUserById(userId)) {\n          const err = \"There is no user into organisation.\";\n          done(err);\n        }\n      } catch (err) {\n        done(err)\n      }\n      done();\n    });\n    it('user should be without error', (done) => {\n      try {\n        if(!organisation.getReadableUsers()) {\n          const err = \"There is no ReadableUser list\";\n          done(err);\n        }\n        if(!organisation.getReadableUserById(userId)) {\n          const err = \"There is no ReadableUser\";\n          done(err);\n        }\n      } catch (err) {\n        done(err)\n      }\n      done();\n    });\n    it('user should be removed without error', (done) => {\n      try {\n        if(!organisation.deleteUser(userId)) {\n          const err = \"There is no ReturnCode\";\n          done(err);\n        }\n      } catch (err) {\n        done(err)\n      }\n      done();\n    });\n  });\n});\n"]},"_coverageSchema":"1a1c01bbd47fc00a2c39e90264f33305004495a9","hash":"60863e1ef0f9d8e42fe4779490f5c1100062aa64","contentHash":"72170288393086653fab20881ff9595a03862e2ddf566402d3856c2a4ec7f1ec"},"/home/dauliac/Workspace/koleg/api/tests/domain/statelessUser.ts":{"path":"/home/dauliac/Workspace/koleg/api/tests/domain/statelessUser.ts","statementMap":{"0":{"start":{"line":2,"column":0},"end":{"line":2,"column":62}},"1":{"start":{"line":3,"column":0},"end":{"line":3,"column":34}},"2":{"start":{"line":4,"column":24},"end":{"line":4,"column":70}},"3":{"start":{"line":5,"column":16},"end":{"line":5,"column":34}},"4":{"start":{"line":6,"column":14},"end":{"line":6,"column":30}},"5":{"start":{"line":7,"column":19},"end":{"line":7,"column":40}},"6":{"start":{"line":8,"column":22},"end":{"line":8,"column":46}},"7":{"start":{"line":9,"column":17},"end":{"line":9,"column":36}},"8":{"start":{"line":10,"column":23},"end":{"line":10,"column":48}},"9":{"start":{"line":11,"column":25},"end":{"line":24,"column":1}},"10":{"start":{"line":12,"column":21},"end":{"line":12,"column":53}},"11":{"start":{"line":13,"column":24},"end":{"line":13,"column":54}},"12":{"start":{"line":14,"column":35},"end":{"line":14,"column":59}},"13":{"start":{"line":15,"column":16},"end":{"line":15,"column":30}},"14":{"start":{"line":16,"column":19},"end":{"line":16,"column":39}},"15":{"start":{"line":17,"column":20},"end":{"line":17,"column":52}},"16":{"start":{"line":18,"column":21},"end":{"line":18,"column":30}},"17":{"start":{"line":19,"column":21},"end":{"line":19,"column":31}},"18":{"start":{"line":20,"column":4},"end":{"line":20,"column":47}},"19":{"start":{"line":21,"column":25},"end":{"line":21,"column":38}},"20":{"start":{"line":22,"column":26},"end":{"line":22,"column":182}},"21":{"start":{"line":23,"column":4},"end":{"line":23,"column":25}},"22":{"start":{"line":25,"column":0},"end":{"line":25,"column":44}}},"fnMap":{"0":{"name":"(anonymous_0)","decl":{"start":{"line":11,"column":25},"end":{"line":11,"column":26}},"loc":{"start":{"line":11,"column":43},"end":{"line":24,"column":1}},"line":11}},"branchMap":{},"s":{"0":1,"1":1,"2":1,"3":1,"4":1,"5":1,"6":1,"7":1,"8":1,"9":1,"10":2,"11":2,"12":2,"13":2,"14":2,"15":2,"16":2,"17":2,"18":2,"19":2,"20":2,"21":2,"22":1},"f":{"0":2},"b":{},"inputSourceMap":{"version":3,"file":"/home/dauliac/Workspace/koleg/api/tests/domain/statelessUser.ts","sources":["/home/dauliac/Workspace/koleg/api/tests/domain/statelessUser.ts"],"names":[],"mappings":";;;AAKA,uEAAoE;AAEpE,mCAAqC;AACrC,+BAA+B;AAC/B,yCAAyC;AACzC,+CAA+C;AAC/C,qCAAqC;AACrC,iDAAiD;AAI1C,MAAM,gBAAgB,GAAG,CAAC,YAA0B,EAAiB,EAAE;IAC5E,MAAM,QAAQ,GAAgB,8BAAe,EAAE,CAAC;IAChD,MAAM,WAAW,GAAgB,4BAAc,EAAE,CAAC;IAClD,MAAM,sBAAsB,GAAY,sBAAW,EAAE,CAAC;IACtD,MAAM,GAAG,GAAO,YAAM,EAAE,CAAC;IACzB,MAAM,MAAM,GAAU,kBAAS,EAAE,CAAC;IAClC,MAAM,OAAO,GAAG,kBAAU,CAAC,YAAY,CAAC,CAAC;IAEzC,MAAM,QAAQ,GAAa,CAAC,OAAO,CAAC,CAAC;IACrC,MAAM,QAAQ,GAAQ,IAAI,IAAI,EAAE,CAAC;IACjC,QAAQ,CAAC,QAAQ,CAAC,QAAQ,CAAC,QAAQ,EAAE,GAAG,CAAC,CAAC,CAAC;IAG3C,MAAM,YAAY,GAAiB,CAAC,WAAW,CAAC,CAAC;IAEjD,MAAM,aAAa,GAAkB,IAAI,6BAAa,CAChD,IAAI,EACJ,IAAI,EACJ,IAAI,EACJ,QAAQ,EACR,sBAAsB,EACtB,QAAQ,EACR,IAAI,EACJ,YAAY,EACZ,QAAQ,EACR,GAAG,EACH,IAAI,EACJ,IAAI,EACJ,MAAM,EACN,IAAI,CACP,CAAA;IACH,OAAO,aAAa,CAAA;AACtB,CAAC,CAAA;AAhCY,QAAA,gBAAgB,oBAgC5B","sourcesContent":["import { Organisation } from '../../src/domain/organisation';\nimport { Job } from '../../src/domain/user/Job';\nimport { Password } from '../../src/domain/user/Password';\nimport { PhoneNumber } from '../../src/domain/user/PhoneNumber';\nimport { SshKey } from '../../src/domain/user/SshKey';\nimport { StatelessUser } from '../../src/domain/user/StatelessUser';\nimport { UserIdentity } from '../../src/domain/user/UserIdentity';\nimport { genGroupId } from './group';\nimport { genJob } from './job';\nimport { genPassword } from './password';\nimport { genPhoneNumber } from './phoneNumber';\nimport { genSshKey } from './sshKey';\nimport { genUserIdentity } from './userIdentity';\n\n\n\nexport const genStatelessUser = (organisation: Organisation): StatelessUser => {\n  const identity:UserIdentity = genUserIdentity();\n  const phoneNumber: PhoneNumber = genPhoneNumber();\n  const passwordWithExpiration:Password = genPassword();\n  const job:Job = genJob();\n  const sshKey:SshKey = genSshKey();\n  const groupId = genGroupId(organisation);\n\n  const groupsId: string[] = [groupId];\n  const birthDay:Date = new Date();\n  birthDay.setMonth(birthDay.getMonth() - 8);\n\n\n  const phoneNumbers:PhoneNumber[] = [phoneNumber];\n\n  const statelessUser: StatelessUser = new StatelessUser(\n        null,\n        null,\n        null,\n        identity,\n        passwordWithExpiration,\n        birthDay,\n        null,\n        phoneNumbers,\n        groupsId,\n        job,\n        null,\n        null,\n        sshKey,\n        null\n    )\n  return statelessUser\n}\n"]},"_coverageSchema":"1a1c01bbd47fc00a2c39e90264f33305004495a9","hash":"bb95ebb19b421efd58947e48314e86e5af7dc90d","contentHash":"c23c7d65d6c99a828d27270de70af865e4de84c45d5719341615a8067305db32"},"/home/dauliac/Workspace/koleg/api/src/domain/user/StatelessUser.ts":{"path":"/home/dauliac/Workspace/koleg/api/src/domain/user/StatelessUser.ts","statementMap":{"0":{"start":{"line":2,"column":0},"end":{"line":2,"column":62}},"1":{"start":{"line":3,"column":0},"end":{"line":3,"column":31}},"2":{"start":{"line":6,"column":8},"end":{"line":6,"column":21}},"3":{"start":{"line":7,"column":8},"end":{"line":7,"column":41}},"4":{"start":{"line":8,"column":8},"end":{"line":8,"column":37}},"5":{"start":{"line":9,"column":8},"end":{"line":9,"column":33}},"6":{"start":{"line":10,"column":8},"end":{"line":10,"column":33}},"7":{"start":{"line":11,"column":8},"end":{"line":11,"column":35}},"8":{"start":{"line":12,"column":8},"end":{"line":12,"column":47}},"9":{"start":{"line":13,"column":8},"end":{"line":13,"column":41}},"10":{"start":{"line":14,"column":8},"end":{"line":14,"column":35}},"11":{"start":{"line":15,"column":8},"end":{"line":15,"column":23}},"12":{"start":{"line":16,"column":8},"end":{"line":16,"column":39}},"13":{"start":{"line":17,"column":8},"end":{"line":17,"column":51}},"14":{"start":{"line":18,"column":8},"end":{"line":18,"column":29}},"15":{"start":{"line":19,"column":8},"end":{"line":19,"column":45}},"16":{"start":{"line":22,"column":0},"end":{"line":22,"column":38}}},"fnMap":{"0":{"name":"(anonymous_0)","decl":{"start":{"line":5,"column":4},"end":{"line":5,"column":5}},"loc":{"start":{"line":5,"column":180},"end":{"line":20,"column":5}},"line":5}},"branchMap":{},"s":{"0":1,"1":1,"2":2,"3":2,"4":2,"5":2,"6":2,"7":2,"8":2,"9":2,"10":2,"11":2,"12":2,"13":2,"14":2,"15":2,"16":1},"f":{"0":2},"b":{},"inputSourceMap":{"version":3,"file":"/home/dauliac/Workspace/koleg/api/src/domain/user/StatelessUser.ts","sources":["/home/dauliac/Workspace/koleg/api/src/domain/user/StatelessUser.ts"],"names":[],"mappings":";;;AAMA,MAAa,aAAa;IACxB,YACkB,EAAU,EACV,YAAkB,EAClB,UAAgB,EAChB,QAAsB,EACtB,QAAkB,EAClB,SAAe,EACf,eAA4B,EAC5B,YAA4B,EAC5B,SAAoB,EACpB,GAAS,EACT,WAAkB,EAClB,iBAAuB,EACvB,MAAe,EACf,cAAqB;QAbrB,OAAE,GAAF,EAAE,CAAQ;QACV,iBAAY,GAAZ,YAAY,CAAM;QAClB,eAAU,GAAV,UAAU,CAAM;QAChB,aAAQ,GAAR,QAAQ,CAAc;QACtB,aAAQ,GAAR,QAAQ,CAAU;QAClB,cAAS,GAAT,SAAS,CAAM;QACf,oBAAe,GAAf,eAAe,CAAa;QAC5B,iBAAY,GAAZ,YAAY,CAAgB;QAC5B,cAAS,GAAT,SAAS,CAAW;QACpB,QAAG,GAAH,GAAG,CAAM;QACT,gBAAW,GAAX,WAAW,CAAO;QAClB,sBAAiB,GAAjB,iBAAiB,CAAM;QACvB,WAAM,GAAN,MAAM,CAAS;QACf,mBAAc,GAAd,cAAc,CAAO;IACpC,CAAC;CACL;AAjBD,sCAiBC","sourcesContent":["import { PhoneNumber } from './PhoneNumber';\nimport { UserIdentity } from './UserIdentity';\nimport { Job } from './Job';\nimport { Password } from './Password';\nimport { SshKey } from './SshKey';\n\nexport class StatelessUser {\n  constructor(\n    public readonly id: string,\n    public readonly creationDate: Date,\n    public readonly updateDate: Date,\n    public readonly identity: UserIdentity,\n    public readonly password: Password,\n    public readonly birthdate: Date,\n    public readonly passwordHistory?: Password[],\n    public readonly phoneNumbers?: PhoneNumber[],\n    public readonly groupsIds?: string[],\n    public readonly job?: Job,\n    public readonly disableDate?: Date,\n    public readonly profilePictureUrl?: URL,\n    public readonly sshKey?: SshKey,\n    public readonly expirationDate?: Date\n  ) {}\n}\n"]},"_coverageSchema":"1a1c01bbd47fc00a2c39e90264f33305004495a9","hash":"ae76e4ee3e58ffa2b51839cbcbbac4d672848936","contentHash":"aa47bf4e61eb02f33d1451ef5fbb9823a430287451a7bf9339af604a071be590"},"/home/dauliac/Workspace/koleg/api/tests/domain/group.ts":{"path":"/home/dauliac/Workspace/koleg/api/tests/domain/group.ts","statementMap":{"0":{"start":{"line":2,"column":0},"end":{"line":2,"column":62}},"1":{"start":{"line":3,"column":0},"end":{"line":3,"column":28}},"2":{"start":{"line":4,"column":19},"end":{"line":10,"column":1}},"3":{"start":{"line":5,"column":19},"end":{"line":5,"column":92}},"4":{"start":{"line":6,"column":4},"end":{"line":8,"column":5}},"5":{"start":{"line":7,"column":8},"end":{"line":7,"column":100}},"6":{"start":{"line":9,"column":4},"end":{"line":9,"column":73}},"7":{"start":{"line":11,"column":0},"end":{"line":11,"column":32}}},"fnMap":{"0":{"name":"(anonymous_0)","decl":{"start":{"line":4,"column":19},"end":{"line":4,"column":20}},"loc":{"start":{"line":4,"column":59},"end":{"line":10,"column":1}},"line":4}},"branchMap":{"0":{"loc":{"start":{"line":4,"column":34},"end":{"line":4,"column":54}},"type":"default-arg","locations":[{"start":{"line":4,"column":50},"end":{"line":4,"column":54}}],"line":4},"1":{"loc":{"start":{"line":6,"column":4},"end":{"line":8,"column":5}},"type":"if","locations":[{"start":{"line":6,"column":4},"end":{"line":8,"column":5}},{"start":{"line":6,"column":4},"end":{"line":8,"column":5}}],"line":6}},"s":{"0":1,"1":1,"2":1,"3":5,"4":5,"5":1,"6":4,"7":1},"f":{"0":5},"b":{"0":[4],"1":[1,4]},"inputSourceMap":{"version":3,"file":"/home/dauliac/Workspace/koleg/api/tests/domain/group.ts","sources":["/home/dauliac/Workspace/koleg/api/tests/domain/group.ts"],"names":[],"mappings":";;;AAEO,MAAM,UAAU,GAAG,CACtB,YAAyB,EACzB,gBAAwB,IAAI,EACtB,EAAE;IACR,MAAM,MAAM,GAAO,IAAI,GAAG,CAAC,gEAAgE,CAAC,CAAC;IAC7F,IAAG,aAAa,EAAC;QACb,OAAO,YAAY,CAAC,QAAQ,CAAC,IAAI,EAAE,YAAY,EAAE,YAAY,EAAE,aAAa,EAAE,IAAI,EAAE,MAAM,CAAC,CAAC;KAC/F;IACD,OAAO,YAAY,CAAC,QAAQ,CAAC,IAAI,EAAE,YAAY,EAAE,YAAY,EAAE,IAAI,CAAC,CAAC;AACzE,CAAC,CAAA;AATY,QAAA,UAAU,cAStB","sourcesContent":["import { Organisation } from '../../src/domain/organisation';\n\nexport const genGroupId = (\n    organisation:Organisation,\n    parentGroupId: string = null\n): string => {\n    const imgUrl:URL = new URL(\"https://live.staticflickr.com/2356/2343395980_e1274d24a1_b.jpg\");\n    if(parentGroupId){\n        return organisation.addGroup(null, \"Test group\", \"Test Group\", parentGroupId, null, imgUrl);\n    }\n    return organisation.addGroup(null, \"Test group\", \"Test Group\", null);\n}\n"]},"_coverageSchema":"1a1c01bbd47fc00a2c39e90264f33305004495a9","hash":"5a316fed663ae60c7cbf076666ba95f804bc7f0f","contentHash":"9dcc309e891cf2e785c7f15b72311635b206de09d0a0d8d969bea4c910bf1786"},"/home/dauliac/Workspace/koleg/api/tests/domain/job.ts":{"path":"/home/dauliac/Workspace/koleg/api/tests/domain/job.ts","statementMap":{"0":{"start":{"line":2,"column":0},"end":{"line":2,"column":62}},"1":{"start":{"line":3,"column":0},"end":{"line":3,"column":24}},"2":{"start":{"line":4,"column":14},"end":{"line":4,"column":50}},"3":{"start":{"line":5,"column":15},"end":{"line":7,"column":1}},"4":{"start":{"line":6,"column":4},"end":{"line":6,"column":39}},"5":{"start":{"line":8,"column":0},"end":{"line":8,"column":24}}},"fnMap":{"0":{"name":"(anonymous_0)","decl":{"start":{"line":5,"column":15},"end":{"line":5,"column":16}},"loc":{"start":{"line":5,"column":21},"end":{"line":7,"column":1}},"line":5}},"branchMap":{},"s":{"0":1,"1":1,"2":1,"3":1,"4":3,"5":1},"f":{"0":3},"b":{},"inputSourceMap":{"version":3,"file":"/home/dauliac/Workspace/koleg/api/tests/domain/job.ts","sources":["/home/dauliac/Workspace/koleg/api/tests/domain/job.ts"],"names":[],"mappings":";;;AAAA,mDAA8C;AAEvC,MAAM,MAAM,GAAG,GAAO,EAAE;IAC3B,OAAO,IAAI,SAAG,CAAC,YAAY,CAAC,CAAC;AACjC,CAAC,CAAA;AAFY,QAAA,MAAM,UAElB","sourcesContent":["import {Job} from '../../src/domain/user/Job';\n\nexport const genJob = ():Job => {\n    return new Job(\"Tester job\");\n}"]},"_coverageSchema":"1a1c01bbd47fc00a2c39e90264f33305004495a9","hash":"f7c7b5ff0aae9b591a3145ca72967ddc1645fe5f","contentHash":"daba5fa436581c25f6977ce342597a4dc435559962c506631707a219a15eeb61"},"/home/dauliac/Workspace/koleg/api/src/domain/user/Job.ts":{"path":"/home/dauliac/Workspace/koleg/api/src/domain/user/Job.ts","statementMap":{"0":{"start":{"line":2,"column":22},"end":{"line":4,"column":1}},"1":{"start":{"line":3,"column":4},"end":{"line":3,"column":62}},"2":{"start":{"line":5,"column":0},"end":{"line":5,"column":62}},"3":{"start":{"line":6,"column":0},"end":{"line":6,"column":21}},"4":{"start":{"line":7,"column":18},"end":{"line":7,"column":53}},"5":{"start":{"line":12,"column":8},"end":{"line":12,"column":27}},"6":{"start":{"line":13,"column":8},"end":{"line":15,"column":9}},"7":{"start":{"line":14,"column":12},"end":{"line":14,"column":61}},"8":{"start":{"line":18,"column":8},"end":{"line":18,"column":26}},"9":{"start":{"line":21,"column":8},"end":{"line":26,"column":11}},"10":{"start":{"line":29,"column":8},"end":{"line":31,"column":9}},"11":{"start":{"line":30,"column":12},"end":{"line":30,"column":25}},"12":{"start":{"line":32,"column":27},"end":{"line":32,"column":30}},"13":{"start":{"line":33,"column":8},"end":{"line":35,"column":9}},"14":{"start":{"line":34,"column":12},"end":{"line":34,"column":24}},"15":{"start":{"line":36,"column":8},"end":{"line":36,"column":21}},"16":{"start":{"line":39,"column":0},"end":{"line":39,"column":18}}},"fnMap":{"0":{"name":"(anonymous_0)","decl":{"start":{"line":2,"column":56},"end":{"line":2,"column":57}},"loc":{"start":{"line":2,"column":71},"end":{"line":4,"column":1}},"line":2},"1":{"name":"(anonymous_1)","decl":{"start":{"line":11,"column":4},"end":{"line":11,"column":5}},"loc":{"start":{"line":11,"column":23},"end":{"line":16,"column":5}},"line":11},"2":{"name":"(anonymous_2)","decl":{"start":{"line":17,"column":4},"end":{"line":17,"column":5}},"loc":{"start":{"line":17,"column":14},"end":{"line":19,"column":5}},"line":17},"3":{"name":"(anonymous_3)","decl":{"start":{"line":20,"column":4},"end":{"line":20,"column":5}},"loc":{"start":{"line":20,"column":21},"end":{"line":27,"column":5}},"line":20},"4":{"name":"(anonymous_4)","decl":{"start":{"line":28,"column":4},"end":{"line":28,"column":5}},"loc":{"start":{"line":28,"column":16},"end":{"line":37,"column":5}},"line":28}},"branchMap":{"0":{"loc":{"start":{"line":2,"column":22},"end":{"line":4,"column":1}},"type":"binary-expr","locations":[{"start":{"line":2,"column":23},"end":{"line":2,"column":27}},{"start":{"line":2,"column":31},"end":{"line":2,"column":51}},{"start":{"line":2,"column":56},"end":{"line":4,"column":1}}],"line":2},"1":{"loc":{"start":{"line":3,"column":11},"end":{"line":3,"column":61}},"type":"cond-expr","locations":[{"start":{"line":3,"column":37},"end":{"line":3,"column":40}},{"start":{"line":3,"column":43},"end":{"line":3,"column":61}}],"line":3},"2":{"loc":{"start":{"line":3,"column":12},"end":{"line":3,"column":33}},"type":"binary-expr","locations":[{"start":{"line":3,"column":12},"end":{"line":3,"column":15}},{"start":{"line":3,"column":19},"end":{"line":3,"column":33}}],"line":3},"3":{"loc":{"start":{"line":13,"column":8},"end":{"line":15,"column":9}},"type":"if","locations":[{"start":{"line":13,"column":8},"end":{"line":15,"column":9}},{"start":{"line":13,"column":8},"end":{"line":15,"column":9}}],"line":13},"4":{"loc":{"start":{"line":29,"column":8},"end":{"line":31,"column":9}},"type":"if","locations":[{"start":{"line":29,"column":8},"end":{"line":31,"column":9}},{"start":{"line":29,"column":8},"end":{"line":31,"column":9}}],"line":29},"5":{"loc":{"start":{"line":33,"column":8},"end":{"line":35,"column":9}},"type":"if","locations":[{"start":{"line":33,"column":8},"end":{"line":35,"column":9}},{"start":{"line":33,"column":8},"end":{"line":35,"column":9}}],"line":33}},"s":{"0":1,"1":1,"2":1,"3":1,"4":1,"5":3,"6":3,"7":0,"8":0,"9":0,"10":0,"11":0,"12":0,"13":0,"14":0,"15":0,"16":1},"f":{"0":1,"1":3,"2":0,"3":0,"4":0},"b":{"0":[1,1,1],"1":[0,1],"2":[1,1],"3":[0,3],"4":[0,0],"5":[0,0]},"inputSourceMap":{"version":3,"file":"/home/dauliac/Workspace/koleg/api/src/domain/user/Job.ts","sources":["/home/dauliac/Workspace/koleg/api/src/domain/user/Job.ts"],"names":[],"mappings":";;;;;;AAAA,sDAA6C;AAE7C,2CAA2C;AAC3C,uBAAuB;AACvB,MAAa,GAAG;IAEZ,YACY,KAAa;QAAb,UAAK,GAAL,KAAK,CAAQ;QAErB,IAAI,CAAC,IAAI,CAAC,KAAK,EAAE;YACb,MAAM,IAAI,KAAK,CAAC,+BAA+B,CAAC,CAAC;SACpD;IACL,CAAC;IAEM,OAAO;QACV,OAAO,IAAI,CAAC,KAAK,CAAC;IACtB,CAAC;IAEM,cAAc;QACjB,OAAO,iBAAO,CACV,IAAI,CAAC,OAAO,EAAE,EACd;YACI,WAAW,EAAE,GAAG;YAChB,KAAK,EAAE,IAAI;YACX,MAAM,EAAE,mBAAmB;YAC3B,MAAM,EAAE,IAAI;SACf,CACJ,CAAC;IACN,CAAC;IAEM,MAAM,CAAC,GAAY;QACtB,IAAG,OAAM,CAAC,GAAG,CAAC,KAAK,OAAM,CAAC,IAAI,CAAC,EAAE;YAC7B,OAAO,KAAK,CAAA;SACf;QAED,MAAM,UAAU,GAAQ,GAAU,CAAC;QAEnC,IAAG,IAAI,CAAC,cAAc,EAAE,KAAK,UAAU,CAAC,cAAc,EAAE,EAAE;YACtD,OAAO,IAAI,CAAC;SACf;QACD,OAAO,KAAK,CAAC;IACjB,CAAC;CACJ;AAtCD,kBAsCC","sourcesContent":["import { default as slugify } from 'slugify';\n\n// while this class don't have any methods,\n// It's will be useless\nexport class Job {\n\n    constructor(\n        private _name: string\n    ) {\n        if (!this._name) {\n            throw new Error('Invalid argument name: string');\n        }\n    }\n\n    public getName(): string {\n        return this._name;\n    }\n\n    public getSlugifyName(): string  {\n        return slugify(\n            this.getName(),\n            {\n                replacement: '.', // replace spaces with replacement character, defaults to `-`\n                lower: true,      // convert to lower case, defaults to `false`\n                remove: /[*+~.()'\"!:@?%$]/g, // Remove these chartes matching regex\n                strict: true,    // strip special characters except replacement, defaults to `false`\n            }\n        );\n    }\n\n    public equals(obj: unknown): boolean {\n        if(typeof(obj) !== typeof(this)) {\n            return false\n        }\n\n        const compareJob: Job = obj as Job;\n\n        if(this.getSlugifyName() === compareJob.getSlugifyName()) {\n            return true;\n        }\n        return false;\n    }\n}\n"]},"_coverageSchema":"1a1c01bbd47fc00a2c39e90264f33305004495a9","hash":"a31fbb2d2ead5aec231014b9ce5871358521195a","contentHash":"f1e718d9f551558f4d027c9ff3de84e972ad5c58dd0d8cef637786581b284470"},"/home/dauliac/Workspace/koleg/api/tests/domain/password.ts":{"path":"/home/dauliac/Workspace/koleg/api/tests/domain/password.ts","statementMap":{"0":{"start":{"line":2,"column":22},"end":{"line":4,"column":1}},"1":{"start":{"line":3,"column":4},"end":{"line":3,"column":62}},"2":{"start":{"line":5,"column":0},"end":{"line":5,"column":62}},"3":{"start":{"line":6,"column":0},"end":{"line":6,"column":29}},"4":{"start":{"line":7,"column":19},"end":{"line":7,"column":60}},"5":{"start":{"line":8,"column":17},"end":{"line":8,"column":61}},"6":{"start":{"line":9,"column":20},"end":{"line":14,"column":1}},"7":{"start":{"line":10,"column":27},"end":{"line":10,"column":55}},"8":{"start":{"line":11,"column":27},"end":{"line":11,"column":37}},"9":{"start":{"line":12,"column":4},"end":{"line":12,"column":59}},"10":{"start":{"line":13,"column":4},"end":{"line":13,"column":78}},"11":{"start":{"line":15,"column":0},"end":{"line":15,"column":34}}},"fnMap":{"0":{"name":"(anonymous_0)","decl":{"start":{"line":2,"column":56},"end":{"line":2,"column":57}},"loc":{"start":{"line":2,"column":71},"end":{"line":4,"column":1}},"line":2},"1":{"name":"(anonymous_1)","decl":{"start":{"line":9,"column":20},"end":{"line":9,"column":21}},"loc":{"start":{"line":9,"column":26},"end":{"line":14,"column":1}},"line":9}},"branchMap":{"0":{"loc":{"start":{"line":2,"column":22},"end":{"line":4,"column":1}},"type":"binary-expr","locations":[{"start":{"line":2,"column":23},"end":{"line":2,"column":27}},{"start":{"line":2,"column":31},"end":{"line":2,"column":51}},{"start":{"line":2,"column":56},"end":{"line":4,"column":1}}],"line":2},"1":{"loc":{"start":{"line":3,"column":11},"end":{"line":3,"column":61}},"type":"cond-expr","locations":[{"start":{"line":3,"column":37},"end":{"line":3,"column":40}},{"start":{"line":3,"column":43},"end":{"line":3,"column":61}}],"line":3},"2":{"loc":{"start":{"line":3,"column":12},"end":{"line":3,"column":33}},"type":"binary-expr","locations":[{"start":{"line":3,"column":12},"end":{"line":3,"column":15}},{"start":{"line":3,"column":19},"end":{"line":3,"column":33}}],"line":3}},"s":{"0":1,"1":1,"2":1,"3":1,"4":1,"5":1,"6":1,"7":3,"8":3,"9":3,"10":3,"11":1},"f":{"0":1,"1":3},"b":{"0":[1,1,1],"1":[0,1],"2":[1,1]},"inputSourceMap":{"version":3,"file":"/home/dauliac/Workspace/koleg/api/tests/domain/password.ts","sources":["/home/dauliac/Workspace/koleg/api/tests/domain/password.ts"],"names":[],"mappings":";;;;;;AAAA,6DAA0D;AAE1D,8DAAsC;AAE/B,MAAM,WAAW,GAAG,GAAa,EAAE;IACtC,MAAM,cAAc,GAAG,gBAAM,CAAC,UAAU,CAAC,CAAC;IAE1C,MAAM,cAAc,GAAG,IAAI,IAAI,EAAE,CAAC;IAClC,cAAc,CAAC,QAAQ,CAAC,cAAc,CAAC,QAAQ,EAAE,GAAG,CAAC,CAAC,CAAC;IAEvD,OAAO,IAAI,mBAAQ,CAAC,cAAc,CAAC,QAAQ,EAAE,EAAE,cAAc,CAAC,CAAC;AACnE,CAAC,CAAC;AAPW,QAAA,WAAW,eAOtB","sourcesContent":["import { Password } from '../../src/domain/user/Password';\n\nimport sha256 from 'crypto-js/sha256';\n\nexport const genPassword = (): Password => {\n    const hashedPassword = sha256('P@ssw0rd');\n\n    const expirationDate = new Date();\n    expirationDate.setMonth(expirationDate.getMonth() + 8);\n\n    return new Password(hashedPassword.toString(), expirationDate);\n};"]},"_coverageSchema":"1a1c01bbd47fc00a2c39e90264f33305004495a9","hash":"3e0e218b285fb986c09cc5fd3509c3652cfb549b","contentHash":"66b3928ca4e381ba3691b538c22e926a4c7c7a2bc48e545d636af8b71bf80d50"},"/home/dauliac/Workspace/koleg/api/src/domain/user/Password.ts":{"path":"/home/dauliac/Workspace/koleg/api/src/domain/user/Password.ts","statementMap":{"0":{"start":{"line":2,"column":0},"end":{"line":2,"column":62}},"1":{"start":{"line":3,"column":0},"end":{"line":3,"column":26}},"2":{"start":{"line":6,"column":8},"end":{"line":6,"column":29}},"3":{"start":{"line":7,"column":8},"end":{"line":7,"column":37}},"4":{"start":{"line":8,"column":8},"end":{"line":8,"column":34}},"5":{"start":{"line":9,"column":8},"end":{"line":11,"column":9}},"6":{"start":{"line":10,"column":12},"end":{"line":10,"column":63}},"7":{"start":{"line":12,"column":8},"end":{"line":19,"column":9}},"8":{"start":{"line":13,"column":12},"end":{"line":15,"column":13}},"9":{"start":{"line":14,"column":16},"end":{"line":14,"column":82}},"10":{"start":{"line":18,"column":12},"end":{"line":18,"column":40}},"11":{"start":{"line":22,"column":8},"end":{"line":22,"column":27}},"12":{"start":{"line":25,"column":8},"end":{"line":25,"column":51}},"13":{"start":{"line":28,"column":8},"end":{"line":28,"column":45}},"14":{"start":{"line":31,"column":8},"end":{"line":31,"column":65}},"15":{"start":{"line":34,"column":20},"end":{"line":34,"column":30}},"16":{"start":{"line":35,"column":8},"end":{"line":35,"column":89}},"17":{"start":{"line":38,"column":0},"end":{"line":38,"column":28}}},"fnMap":{"0":{"name":"(anonymous_0)","decl":{"start":{"line":5,"column":4},"end":{"line":5,"column":5}},"loc":{"start":{"line":5,"column":43},"end":{"line":20,"column":5}},"line":5},"1":{"name":"(anonymous_1)","decl":{"start":{"line":21,"column":4},"end":{"line":21,"column":5}},"loc":{"start":{"line":21,"column":15},"end":{"line":23,"column":5}},"line":21},"2":{"name":"(anonymous_2)","decl":{"start":{"line":24,"column":4},"end":{"line":24,"column":5}},"loc":{"start":{"line":24,"column":27},"end":{"line":26,"column":5}},"line":24},"3":{"name":"(anonymous_3)","decl":{"start":{"line":27,"column":4},"end":{"line":27,"column":5}},"loc":{"start":{"line":27,"column":16},"end":{"line":29,"column":5}},"line":27},"4":{"name":"(anonymous_4)","decl":{"start":{"line":30,"column":4},"end":{"line":30,"column":5}},"loc":{"start":{"line":30,"column":31},"end":{"line":32,"column":5}},"line":30},"5":{"name":"(anonymous_5)","decl":{"start":{"line":33,"column":4},"end":{"line":33,"column":5}},"loc":{"start":{"line":33,"column":27},"end":{"line":36,"column":5}},"line":33}},"branchMap":{"0":{"loc":{"start":{"line":5,"column":24},"end":{"line":5,"column":41}},"type":"default-arg","locations":[{"start":{"line":5,"column":37},"end":{"line":5,"column":41}}],"line":5},"1":{"loc":{"start":{"line":9,"column":8},"end":{"line":11,"column":9}},"type":"if","locations":[{"start":{"line":9,"column":8},"end":{"line":11,"column":9}},{"start":{"line":9,"column":8},"end":{"line":11,"column":9}}],"line":9},"2":{"loc":{"start":{"line":12,"column":8},"end":{"line":19,"column":9}},"type":"if","locations":[{"start":{"line":12,"column":8},"end":{"line":19,"column":9}},{"start":{"line":12,"column":8},"end":{"line":19,"column":9}}],"line":12},"3":{"loc":{"start":{"line":13,"column":12},"end":{"line":15,"column":13}},"type":"if","locations":[{"start":{"line":13,"column":12},"end":{"line":15,"column":13}},{"start":{"line":13,"column":12},"end":{"line":15,"column":13}}],"line":13},"4":{"loc":{"start":{"line":31,"column":15},"end":{"line":31,"column":64}},"type":"binary-expr","locations":[{"start":{"line":31,"column":15},"end":{"line":31,"column":32}},{"start":{"line":31,"column":36},"end":{"line":31,"column":64}}],"line":31}},"s":{"0":1,"1":1,"2":3,"3":3,"4":3,"5":3,"6":0,"7":3,"8":3,"9":0,"10":0,"11":0,"12":0,"13":3,"14":0,"15":0,"16":0,"17":1},"f":{"0":3,"1":0,"2":0,"3":3,"4":0,"5":0},"b":{"0":[0],"1":[0,3],"2":[3,0],"3":[0,3],"4":[0,0]},"inputSourceMap":{"version":3,"file":"/home/dauliac/Workspace/koleg/api/src/domain/user/Password.ts","sources":["/home/dauliac/Workspace/koleg/api/src/domain/user/Password.ts"],"names":[],"mappings":";;;AACA,MAAa,QAAQ;IAIjB,YACY,MAAc,EACd,aAAmB,IAAI;QADvB,WAAM,GAAN,MAAM,CAAQ;QACd,eAAU,GAAV,UAAU,CAAa;QAJlB,qBAAgB,GAAG,CAAC,CAAC;QAMlC,IAAI,CAAC,MAAM,EAAE;YACT,MAAM,IAAI,KAAK,CAAC,iCAAiC,CAAC,CAAC;SACtD;QAED,IAAI,IAAI,CAAC,UAAU,EAAE;YACjB,IAAI,IAAI,CAAC,SAAS,EAAE,EAAE;gBAClB,MAAM,IAAI,KAAK,CAAC,gDAAgD,CAAC,CAAC;aACrE;SACJ;aAAM;YACH,IAAI,CAAC,oBAAoB,EAAE,CAAC;SAC/B;IACL,CAAC;IAEM,QAAQ;QACX,OAAO,IAAI,CAAC,MAAM,CAAC;IACvB,CAAC;IAEM,YAAY,CAAC,QAAkB;QAClC,OAAO,IAAI,CAAC,MAAM,KAAK,QAAQ,CAAC,QAAQ,EAAE,CAAC;IAC/C,CAAC;IAEM,SAAS;QACZ,OAAO,IAAI,CAAC,UAAU,IAAI,IAAI,IAAI,EAAE,CAAC;IACzC,CAAC;IAEM,YAAY,CAAC,YAAoB;QACpC,OAAO,CAAC,IAAI,CAAC,SAAS,EAAE,IAAI,YAAY,KAAK,IAAI,CAAC,MAAM,CAAC;IAC7D,CAAC;IAEO,oBAAoB;QACxB,MAAM,GAAG,GAAG,IAAI,IAAI,EAAE,CAAC;QACvB,IAAI,CAAC,UAAU,GAAG,IAAI,IAAI,CAAC,GAAG,CAAC,QAAQ,CAAC,GAAG,CAAC,QAAQ,EAAE,GAAG,IAAI,CAAC,gBAAgB,CAAC,CAAC,CAAC;IACrF,CAAC;CACJ;AAzCD,4BAyCC","sourcesContent":["\nexport class Password {\n\n    private readonly DATE_LIMIT_MONTH = 4;\n\n    constructor(\n        private _value: string,\n        private _dateLimit: Date = null\n    ) {\n        if (!_value) {\n            throw new Error('Invalid arguement value: string');\n        }\n\n        if (this._dateLimit) {\n            if (this.isExpired()) {\n                throw new Error('Invalid arguement dateLimit: cannot be in past');\n            }\n        } else {\n            this._initializeDateLimit();\n        }\n    }\n\n    public getValue(): string {\n        return this._value;\n    }\n\n    public hasSameValue(password: Password): boolean {\n        return this._value === password.getValue();\n    }\n\n    public isExpired(): boolean {\n        return this._dateLimit <= new Date();\n    }\n\n    public isValueValid(valueToCheck: string): boolean {\n        return !this.isExpired() && valueToCheck === this._value;\n    }\n\n    private _initializeDateLimit(): void {\n        const now = new Date();\n        this._dateLimit = new Date(now.setMonth(now.getMonth() + this.DATE_LIMIT_MONTH));\n    }\n}"]},"_coverageSchema":"1a1c01bbd47fc00a2c39e90264f33305004495a9","hash":"00cf2a53a56f3f2c0252c76367ea66c66e2f1f1b","contentHash":"fc33853a07b90f0608416b030563545de53b996a64dfcc28d2e86b1026307497"},"/home/dauliac/Workspace/koleg/api/tests/domain/phoneNumber.ts":{"path":"/home/dauliac/Workspace/koleg/api/tests/domain/phoneNumber.ts","statementMap":{"0":{"start":{"line":2,"column":0},"end":{"line":2,"column":62}},"1":{"start":{"line":3,"column":0},"end":{"line":3,"column":32}},"2":{"start":{"line":4,"column":22},"end":{"line":4,"column":66}},"3":{"start":{"line":5,"column":26},"end":{"line":5,"column":75}},"4":{"start":{"line":6,"column":23},"end":{"line":8,"column":1}},"5":{"start":{"line":7,"column":4},"end":{"line":7,"column":102}},"6":{"start":{"line":9,"column":0},"end":{"line":9,"column":40}}},"fnMap":{"0":{"name":"(anonymous_0)","decl":{"start":{"line":6,"column":23},"end":{"line":6,"column":24}},"loc":{"start":{"line":6,"column":29},"end":{"line":8,"column":1}},"line":6}},"branchMap":{},"s":{"0":1,"1":1,"2":1,"3":1,"4":1,"5":3,"6":1},"f":{"0":3},"b":{},"inputSourceMap":{"version":3,"file":"/home/dauliac/Workspace/koleg/api/tests/domain/phoneNumber.ts","sources":["/home/dauliac/Workspace/koleg/api/tests/domain/phoneNumber.ts"],"names":[],"mappings":";;;AAAA,mEAAgE;AAChE,4EAAmE;AAE5D,MAAM,cAAc,GAAG,GAAgB,EAAE;IAC5C,OAAO,IAAI,yBAAW,CAAC,2BAAS,CAAC,eAAe,EAAE,cAAc,CAAC,CAAC;AACtE,CAAC,CAAA;AAFY,QAAA,cAAc,kBAE1B","sourcesContent":["import { PhoneNumber } from '../../src/domain/user/PhoneNumber';\nimport { PhoneType } from '../../src/domain/enums/phone-type.enum';\n\nexport const genPhoneNumber = (): PhoneNumber => {\n    return new PhoneNumber(PhoneType.PHONE_CELL_HOME, \"+33511931123\");\n}"]},"_coverageSchema":"1a1c01bbd47fc00a2c39e90264f33305004495a9","hash":"ad4897ccb3bb1cf56a5646a25d6e9c7e38aca34d","contentHash":"f94b92487ff5cf9464d7fbf03254f81726c3257df2b754dceac6a1f6d0c648e4"},"/home/dauliac/Workspace/koleg/api/src/domain/user/PhoneNumber.ts":{"path":"/home/dauliac/Workspace/koleg/api/src/domain/user/PhoneNumber.ts","statementMap":{"0":{"start":{"line":2,"column":0},"end":{"line":2,"column":62}},"1":{"start":{"line":3,"column":0},"end":{"line":3,"column":29}},"2":{"start":{"line":6,"column":8},"end":{"line":6,"column":25}},"3":{"start":{"line":7,"column":8},"end":{"line":7,"column":27}},"4":{"start":{"line":8,"column":8},"end":{"line":8,"column":80}},"5":{"start":{"line":9,"column":8},"end":{"line":11,"column":9}},"6":{"start":{"line":10,"column":12},"end":{"line":10,"column":64}},"7":{"start":{"line":12,"column":8},"end":{"line":19,"column":9}},"8":{"start":{"line":13,"column":12},"end":{"line":15,"column":13}},"9":{"start":{"line":14,"column":16},"end":{"line":14,"column":85}},"10":{"start":{"line":18,"column":12},"end":{"line":18,"column":62}},"11":{"start":{"line":22,"column":8},"end":{"line":22,"column":48}},"12":{"start":{"line":25,"column":8},"end":{"line":25,"column":51}},"13":{"start":{"line":28,"column":0},"end":{"line":28,"column":34}}},"fnMap":{"0":{"name":"(anonymous_0)","decl":{"start":{"line":5,"column":4},"end":{"line":5,"column":5}},"loc":{"start":{"line":5,"column":29},"end":{"line":20,"column":5}},"line":5},"1":{"name":"(anonymous_1)","decl":{"start":{"line":21,"column":4},"end":{"line":21,"column":5}},"loc":{"start":{"line":21,"column":30},"end":{"line":23,"column":5}},"line":21},"2":{"name":"(anonymous_2)","decl":{"start":{"line":24,"column":4},"end":{"line":24,"column":5}},"loc":{"start":{"line":24,"column":31},"end":{"line":26,"column":5}},"line":24}},"branchMap":{"0":{"loc":{"start":{"line":9,"column":8},"end":{"line":11,"column":9}},"type":"if","locations":[{"start":{"line":9,"column":8},"end":{"line":11,"column":9}},{"start":{"line":9,"column":8},"end":{"line":11,"column":9}}],"line":9},"1":{"loc":{"start":{"line":12,"column":8},"end":{"line":19,"column":9}},"type":"if","locations":[{"start":{"line":12,"column":8},"end":{"line":19,"column":9}},{"start":{"line":12,"column":8},"end":{"line":19,"column":9}}],"line":12},"2":{"loc":{"start":{"line":13,"column":12},"end":{"line":15,"column":13}},"type":"if","locations":[{"start":{"line":13,"column":12},"end":{"line":15,"column":13}},{"start":{"line":13,"column":12},"end":{"line":15,"column":13}}],"line":13}},"s":{"0":1,"1":1,"2":3,"3":3,"4":3,"5":3,"6":0,"7":3,"8":3,"9":0,"10":0,"11":0,"12":3,"13":1},"f":{"0":3,"1":0,"2":3},"b":{"0":[0,3],"1":[3,0],"2":[0,3]},"inputSourceMap":{"version":3,"file":"/home/dauliac/Workspace/koleg/api/src/domain/user/PhoneNumber.ts","sources":["/home/dauliac/Workspace/koleg/api/src/domain/user/PhoneNumber.ts"],"names":[],"mappings":";;;AAEA,MAAa,WAAW;IAIpB,YACa,IAAe,EACf,KAAa;QADb,SAAI,GAAJ,IAAI,CAAW;QACf,UAAK,GAAL,KAAK,CAAQ;QAJT,uBAAkB,GAAG,6CAA6C,CAAC;QAMhF,IAAI,CAAC,IAAI,EAAE;YACP,MAAM,IAAI,KAAK,CAAC,kCAAkC,CAAC,CAAC;SACvD;QAED,IAAI,IAAI,CAAC,KAAK,EAAE;YACZ,IAAI,CAAC,IAAI,CAAC,mBAAmB,CAAC,KAAK,CAAC,EAAE;gBAClC,MAAM,IAAI,KAAK,CAAC,mDAAmD,CAAC,CAAA;aACvE;SACJ;aAAM;YACH,MAAM,IAAI,KAAK,CAAC,gCAAgC,CAAC,CAAC;SACrD;IACL,CAAC;IAEM,YAAY,CAAC,WAAwB;QACxC,OAAO,IAAI,CAAC,KAAK,KAAK,WAAW,CAAC,KAAK,CAAC;IAC5C,CAAC;IAEO,mBAAmB,CAAC,KAAa;QACrC,OAAO,IAAI,CAAC,kBAAkB,CAAC,IAAI,CAAC,KAAK,CAAC,CAAC;IAC/C,CAAC;CACJ;AA5BD,kCA4BC","sourcesContent":["import { PhoneType } from \"../enums/phone-type.enum\"\n\nexport class PhoneNumber {\n\n    private readonly PHONE_NUMBER_REGEX = /^[+]*[(]{0,1}[0-9]{1,4}[)]{0,1}[-\\s./0-9]*$/;\n\n    constructor(\n        readonly type: PhoneType,\n        readonly value: string\n    ) {\n        if (!type) {\n            throw new Error('Invalid argument type: PhoneType');\n        }\n\n        if (this.value) {\n            if (!this._isPhoneNumberValid(value)) {\n                throw new Error(\"Invalid argument number: Don't respect constraint\")\n            }\n        } else {\n            throw new Error('Invalid argument value: string');\n        }\n    }\n\n    public hasSameValue(phoneNumber: PhoneNumber): boolean {\n        return this.value === phoneNumber.value;\n    }\n\n    private _isPhoneNumberValid(value: string): boolean {\n        return this.PHONE_NUMBER_REGEX.test(value);\n    }\n}"]},"_coverageSchema":"1a1c01bbd47fc00a2c39e90264f33305004495a9","hash":"7acb54ea09bc95f9f3421a0655e880f8fe7378f2","contentHash":"a7bdf66c82b4eb73174a1775cc7c8a485044a4ae0dd7e432da0f402854b7e226"},"/home/dauliac/Workspace/koleg/api/src/domain/enums/phone-type.enum.ts":{"path":"/home/dauliac/Workspace/koleg/api/src/domain/enums/phone-type.enum.ts","statementMap":{"0":{"start":{"line":2,"column":0},"end":{"line":2,"column":62}},"1":{"start":{"line":3,"column":0},"end":{"line":3,"column":27}},"2":{"start":{"line":5,"column":0},"end":{"line":10,"column":62}},"3":{"start":{"line":6,"column":4},"end":{"line":6,"column":43}},"4":{"start":{"line":7,"column":4},"end":{"line":7,"column":43}},"5":{"start":{"line":8,"column":4},"end":{"line":8,"column":53}},"6":{"start":{"line":9,"column":4},"end":{"line":9,"column":53}}},"fnMap":{"0":{"name":"(anonymous_0)","decl":{"start":{"line":5,"column":1},"end":{"line":5,"column":2}},"loc":{"start":{"line":5,"column":22},"end":{"line":10,"column":1}},"line":5}},"branchMap":{"0":{"loc":{"start":{"line":10,"column":15},"end":{"line":10,"column":60}},"type":"binary-expr","locations":[{"start":{"line":10,"column":15},"end":{"line":10,"column":32}},{"start":{"line":10,"column":37},"end":{"line":10,"column":59}}],"line":10}},"s":{"0":1,"1":1,"2":1,"3":1,"4":1,"5":1,"6":1},"f":{"0":1},"b":{"0":[1,1]},"inputSourceMap":{"version":3,"file":"/home/dauliac/Workspace/koleg/api/src/domain/enums/phone-type.enum.ts","sources":["/home/dauliac/Workspace/koleg/api/src/domain/enums/phone-type.enum.ts"],"names":[],"mappings":";;;AAAA,IAAY,SAKX;AALD,WAAY,SAAS;IACnB,sCAAyB,CAAA;IACzB,sCAAyB,CAAA;IACzB,gDAAmC,CAAA;IACnC,gDAAmC,CAAA;AACrC,CAAC,EALW,SAAS,GAAT,iBAAS,KAAT,iBAAS,QAKpB","sourcesContent":["export enum PhoneType {\n  PHONE_HOME = 'PHONE_HOME',\n  PHONE_WORK = 'PHONE_WORK',\n  PHONE_CELL_HOME = 'PHONE_CELL_HOME',\n  PHONE_CELL_WORK = 'PHONE_CELL_WORK'\n}"]},"_coverageSchema":"1a1c01bbd47fc00a2c39e90264f33305004495a9","hash":"f5dee67f489969223ee0bc32c951eba727156b60","contentHash":"65e815ccdc13bf8cf3e049169bb77f3b6d32814355ee5c452ab19c79ff9a8a36"},"/home/dauliac/Workspace/koleg/api/tests/domain/sshKey.ts":{"path":"/home/dauliac/Workspace/koleg/api/tests/domain/sshKey.ts","statementMap":{"0":{"start":{"line":2,"column":0},"end":{"line":2,"column":62}},"1":{"start":{"line":3,"column":0},"end":{"line":3,"column":27}},"2":{"start":{"line":4,"column":17},"end":{"line":4,"column":56}},"3":{"start":{"line":5,"column":18},"end":{"line":32,"column":1}},"4":{"start":{"line":6,"column":23},"end":{"line":22,"column":5}},"5":{"start":{"line":23,"column":22},"end":{"line":30,"column":5}},"6":{"start":{"line":31,"column":4},"end":{"line":31,"column":54}},"7":{"start":{"line":33,"column":0},"end":{"line":33,"column":30}}},"fnMap":{"0":{"name":"(anonymous_0)","decl":{"start":{"line":5,"column":18},"end":{"line":5,"column":19}},"loc":{"start":{"line":5,"column":24},"end":{"line":32,"column":1}},"line":5}},"branchMap":{},"s":{"0":1,"1":1,"2":1,"3":1,"4":3,"5":3,"6":3,"7":1},"f":{"0":3},"b":{},"inputSourceMap":{"version":3,"file":"/home/dauliac/Workspace/koleg/api/tests/domain/sshKey.ts","sources":["/home/dauliac/Workspace/koleg/api/tests/domain/sshKey.ts"],"names":[],"mappings":";;;AAAA,yDAAsD;AAE/C,MAAM,SAAS,GAAG,GAAW,EAAE;IAClC,MAAM,UAAU,GAAG;;;;;;;;;;;;;;;;KAgBlB,CAAA;IAED,MAAM,SAAS,GAAG;;;;;;;KAOjB,CAAA;IAED,OAAO,IAAI,eAAM,CAAC,UAAU,EAAE,SAAS,CAAC,CAAC;AAC7C,CAAC,CAAA;AA7BY,QAAA,SAAS,aA6BrB","sourcesContent":["import { SshKey } from '../../src/domain/user/SshKey';\n\nexport const genSshKey = (): SshKey => {\n    const privateKey = `\n    -----BEGIN RSA PRIVATE KEY-----\n    MIICXgIBAAKBgQCYjiyDmRFQcPS9Wzj6ry4Rt1thmWbauCmXgkqMhMWkFZS9mi4m\n    OzoiENsb5qxF3apy0AbAmBidxwiIQR/PwKF1sqcE9cYo8twe9cskbrhuCXEfjoNl\n    S9mcAGwp1UK0FEDUnsQneHohwWAU4ZQsP9O26Z5rvJD4lCHNVkRzJVTm8wIDAQAB\n    AoGBAIzAUA2ywijHruauLaoMyqKJ24P29tDBrY4eJg3zyi4Tw0IT6JRZfM9FYgMi\n    Frv3QnXfvPsg2UVpB1Q/UcxqXAw8Jp3WuikpSTxZuAw3XCSeNNViNfmLBTq9Ih+A\n    fEvCUHa3ymI6vBPtYEP5ujB5tT2xMG58xblzpAREDdq0BR+hAkEA6HcMMDa1Hn9e\n    Ob+Yvizc4Cy6B0kPlBTj/oOxcakcqy+LtRlUi27Y4eMuaefkZ25uO4IB0J/vtp6O\n    vwuzBDoK2wJBAKgADchUSj9mL/GMy37JyW09GWrUkphvZoxDts806TizJ6sC1fPe\n    Hagmya+tQOkpoeasf9BNcLStA/Gr9ytGc8kCQQCt0jZ+5qlPgJWIQMeJjCosRcVk\n    JTFM3MIOUZKhFn6lUgv5AlPBXsU1QpY2Ans7C8vJG1EYGj84Ih9CoxDcnDn5AkB/\n    iUrtQc/7wT+0SAZUAiv/2dpp12ZSgn9/DAjD1I8YlCkREd4KfBxXgtqpmwUj/I8D\n    5wBAygk9n/rWhI3nNFzBAkEAqsvqaAjNUWCvHozpmf50LvH7WX4Jh9TPLk5G1yHD\n    C3jKDDFZko4uNUMBsaevlmiUeEzpniZ4goSiK18P0DCrdw==\n    -----END RSA PRIVATE KEY-----\n    `\n\n    const publicKey = `\n    -----BEGIN PUBLIC KEY-----\n    MIGfMA0GCSqGSIb3DQEBAQUAA4GNADCBiQKBgQCYjiyDmRFQcPS9Wzj6ry4Rt1th\n    mWbauCmXgkqMhMWkFZS9mi4mOzoiENsb5qxF3apy0AbAmBidxwiIQR/PwKF1sqcE\n    9cYo8twe9cskbrhuCXEfjoNlS9mcAGwp1UK0FEDUnsQneHohwWAU4ZQsP9O26Z5r\n    vJD4lCHNVkRzJVTm8wIDAQAB\n    -----END PUBLIC KEY-----\n    `\n\n    return new SshKey(privateKey, publicKey);\n}"]},"_coverageSchema":"1a1c01bbd47fc00a2c39e90264f33305004495a9","hash":"30a595a1595bcfc6b7cc608bbb96fb1a9dda9de4","contentHash":"32187b08f25e2806a68f93b42ef46ec44d6c1f00d8f6a8e98737dd860befb2e2"},"/home/dauliac/Workspace/koleg/api/src/domain/user/SshKey.ts":{"path":"/home/dauliac/Workspace/koleg/api/src/domain/user/SshKey.ts","statementMap":{"0":{"start":{"line":2,"column":0},"end":{"line":2,"column":62}},"1":{"start":{"line":3,"column":0},"end":{"line":3,"column":24}},"2":{"start":{"line":6,"column":8},"end":{"line":6,"column":37}},"3":{"start":{"line":7,"column":8},"end":{"line":7,"column":35}},"4":{"start":{"line":8,"column":8},"end":{"line":10,"column":9}},"5":{"start":{"line":9,"column":12},"end":{"line":9,"column":68}},"6":{"start":{"line":11,"column":8},"end":{"line":13,"column":9}},"7":{"start":{"line":12,"column":12},"end":{"line":12,"column":67}},"8":{"start":{"line":16,"column":0},"end":{"line":16,"column":24}}},"fnMap":{"0":{"name":"(anonymous_0)","decl":{"start":{"line":5,"column":4},"end":{"line":5,"column":5}},"loc":{"start":{"line":5,"column":39},"end":{"line":14,"column":5}},"line":5}},"branchMap":{"0":{"loc":{"start":{"line":8,"column":8},"end":{"line":10,"column":9}},"type":"if","locations":[{"start":{"line":8,"column":8},"end":{"line":10,"column":9}},{"start":{"line":8,"column":8},"end":{"line":10,"column":9}}],"line":8},"1":{"loc":{"start":{"line":11,"column":8},"end":{"line":13,"column":9}},"type":"if","locations":[{"start":{"line":11,"column":8},"end":{"line":13,"column":9}},{"start":{"line":11,"column":8},"end":{"line":13,"column":9}}],"line":11}},"s":{"0":1,"1":1,"2":3,"3":3,"4":3,"5":0,"6":3,"7":0,"8":1},"f":{"0":3},"b":{"0":[0,3],"1":[0,3]},"inputSourceMap":{"version":3,"file":"/home/dauliac/Workspace/koleg/api/src/domain/user/SshKey.ts","sources":["/home/dauliac/Workspace/koleg/api/src/domain/user/SshKey.ts"],"names":[],"mappings":";;;AACA,MAAa,MAAM;IAEf,YACa,UAAkB,EAClB,SAAiB;QADjB,eAAU,GAAV,UAAU,CAAQ;QAClB,cAAS,GAAT,SAAS,CAAQ;QAE1B,IAAI,CAAC,UAAU,EAAE;YACb,MAAM,IAAI,KAAK,CAAC,sCAAsC,CAAC,CAAA;SAC1D;QAED,IAAI,CAAC,SAAS,EAAE;YACZ,MAAM,IAAI,KAAK,CAAC,qCAAqC,CAAC,CAAA;SACzD;IACL,CAAC;CACJ;AAdD,wBAcC","sourcesContent":["\nexport class SshKey {\n\n    constructor(\n        readonly privateKey: string,\n        readonly publicKey: string\n    ) {\n        if (!privateKey) {\n            throw new Error('Invalid arguement privateKey: string')\n        }\n\n        if (!publicKey) {\n            throw new Error('Invalid arguement publicKey: string')\n        }\n    }\n}"]},"_coverageSchema":"1a1c01bbd47fc00a2c39e90264f33305004495a9","hash":"047d5232bacccd03b5910eef04de447303a99819","contentHash":"cf54a0e7233410e78fe2aedac907abea43049176ad1624f29ac39145ff99b55b"},"/home/dauliac/Workspace/koleg/api/tests/domain/userIdentity.ts":{"path":"/home/dauliac/Workspace/koleg/api/tests/domain/userIdentity.ts","statementMap":{"0":{"start":{"line":2,"column":0},"end":{"line":2,"column":62}},"1":{"start":{"line":3,"column":0},"end":{"line":3,"column":33}},"2":{"start":{"line":4,"column":23},"end":{"line":4,"column":68}},"3":{"start":{"line":5,"column":24},"end":{"line":7,"column":1}},"4":{"start":{"line":6,"column":4},"end":{"line":6,"column":79}},"5":{"start":{"line":8,"column":0},"end":{"line":8,"column":42}}},"fnMap":{"0":{"name":"(anonymous_0)","decl":{"start":{"line":5,"column":24},"end":{"line":5,"column":25}},"loc":{"start":{"line":5,"column":30},"end":{"line":7,"column":1}},"line":5}},"branchMap":{},"s":{"0":1,"1":1,"2":1,"3":1,"4":3,"5":1},"f":{"0":3},"b":{},"inputSourceMap":{"version":3,"file":"/home/dauliac/Workspace/koleg/api/tests/domain/userIdentity.ts","sources":["/home/dauliac/Workspace/koleg/api/tests/domain/userIdentity.ts"],"names":[],"mappings":";;;AAAA,qEAAgE;AAEzD,MAAM,eAAe,GAAG,GAAiB,EAAE;IAC9C,OAAO,IAAI,2BAAY,CAAC,MAAM,EAAE,KAAK,EAAE,mBAAmB,CAAC,CAAC;AAChE,CAAC,CAAA;AAFY,QAAA,eAAe,mBAE3B","sourcesContent":["import {UserIdentity} from '../../src/domain/user/UserIdentity';\n\nexport const genUserIdentity = (): UserIdentity => {\n    return new UserIdentity(\"john\", \"doe\", \"john.doe@test.com\");\n}"]},"_coverageSchema":"1a1c01bbd47fc00a2c39e90264f33305004495a9","hash":"318709599d4abf8aa09b104bfa1672533f87d14e","contentHash":"b56d6525c50444eb78877d62a6a8ca207668537c1fb76490d14ddfa6e790cb9d"},"/home/dauliac/Workspace/koleg/api/src/domain/user/UserIdentity.ts":{"path":"/home/dauliac/Workspace/koleg/api/src/domain/user/UserIdentity.ts","statementMap":{"0":{"start":{"line":2,"column":22},"end":{"line":4,"column":1}},"1":{"start":{"line":3,"column":4},"end":{"line":3,"column":62}},"2":{"start":{"line":5,"column":0},"end":{"line":5,"column":62}},"3":{"start":{"line":6,"column":0},"end":{"line":6,"column":30}},"4":{"start":{"line":7,"column":18},"end":{"line":7,"column":53}},"5":{"start":{"line":10,"column":8},"end":{"line":10,"column":35}},"6":{"start":{"line":11,"column":8},"end":{"line":11,"column":33}},"7":{"start":{"line":12,"column":8},"end":{"line":12,"column":33}},"8":{"start":{"line":13,"column":8},"end":{"line":13,"column":27}},"9":{"start":{"line":14,"column":8},"end":{"line":14,"column":56}},"10":{"start":{"line":15,"column":8},"end":{"line":17,"column":9}},"11":{"start":{"line":16,"column":12},"end":{"line":16,"column":66}},"12":{"start":{"line":18,"column":8},"end":{"line":20,"column":9}},"13":{"start":{"line":19,"column":12},"end":{"line":19,"column":65}},"14":{"start":{"line":21,"column":8},"end":{"line":29,"column":9}},"15":{"start":{"line":22,"column":12},"end":{"line":22,"column":66}},"16":{"start":{"line":25,"column":12},"end":{"line":28,"column":13}},"17":{"start":{"line":26,"column":16},"end":{"line":26,"column":41}},"18":{"start":{"line":27,"column":16},"end":{"line":27,"column":102}},"19":{"start":{"line":30,"column":8},"end":{"line":32,"column":9}},"20":{"start":{"line":31,"column":12},"end":{"line":31,"column":69}},"21":{"start":{"line":35,"column":8},"end":{"line":35,"column":52}},"22":{"start":{"line":38,"column":8},"end":{"line":40,"column":47}},"23":{"start":{"line":43,"column":8},"end":{"line":45,"column":9}},"24":{"start":{"line":44,"column":12},"end":{"line":44,"column":70}},"25":{"start":{"line":46,"column":8},"end":{"line":50,"column":11}},"26":{"start":{"line":53,"column":8},"end":{"line":53,"column":44}},"27":{"start":{"line":56,"column":0},"end":{"line":56,"column":36}}},"fnMap":{"0":{"name":"(anonymous_0)","decl":{"start":{"line":2,"column":56},"end":{"line":2,"column":57}},"loc":{"start":{"line":2,"column":71},"end":{"line":4,"column":1}},"line":2},"1":{"name":"(anonymous_1)","decl":{"start":{"line":9,"column":4},"end":{"line":9,"column":5}},"loc":{"start":{"line":9,"column":68},"end":{"line":33,"column":5}},"line":9},"2":{"name":"(anonymous_2)","decl":{"start":{"line":34,"column":4},"end":{"line":34,"column":5}},"loc":{"start":{"line":34,"column":18},"end":{"line":36,"column":5}},"line":34},"3":{"name":"(anonymous_3)","decl":{"start":{"line":37,"column":4},"end":{"line":37,"column":5}},"loc":{"start":{"line":37,"column":30},"end":{"line":41,"column":5}},"line":37},"4":{"name":"(anonymous_4)","decl":{"start":{"line":42,"column":4},"end":{"line":42,"column":5}},"loc":{"start":{"line":42,"column":32},"end":{"line":51,"column":5}},"line":42},"5":{"name":"(anonymous_5)","decl":{"start":{"line":52,"column":4},"end":{"line":52,"column":5}},"loc":{"start":{"line":52,"column":25},"end":{"line":54,"column":5}},"line":52}},"branchMap":{"0":{"loc":{"start":{"line":2,"column":22},"end":{"line":4,"column":1}},"type":"binary-expr","locations":[{"start":{"line":2,"column":23},"end":{"line":2,"column":27}},{"start":{"line":2,"column":31},"end":{"line":2,"column":51}},{"start":{"line":2,"column":56},"end":{"line":4,"column":1}}],"line":2},"1":{"loc":{"start":{"line":3,"column":11},"end":{"line":3,"column":61}},"type":"cond-expr","locations":[{"start":{"line":3,"column":37},"end":{"line":3,"column":40}},{"start":{"line":3,"column":43},"end":{"line":3,"column":61}}],"line":3},"2":{"loc":{"start":{"line":3,"column":12},"end":{"line":3,"column":33}},"type":"binary-expr","locations":[{"start":{"line":3,"column":12},"end":{"line":3,"column":15}},{"start":{"line":3,"column":19},"end":{"line":3,"column":33}}],"line":3},"3":{"loc":{"start":{"line":9,"column":37},"end":{"line":9,"column":52}},"type":"default-arg","locations":[{"start":{"line":9,"column":48},"end":{"line":9,"column":52}}],"line":9},"4":{"loc":{"start":{"line":9,"column":54},"end":{"line":9,"column":66}},"type":"default-arg","locations":[{"start":{"line":9,"column":62},"end":{"line":9,"column":66}}],"line":9},"5":{"loc":{"start":{"line":15,"column":8},"end":{"line":17,"column":9}},"type":"if","locations":[{"start":{"line":15,"column":8},"end":{"line":17,"column":9}},{"start":{"line":15,"column":8},"end":{"line":17,"column":9}}],"line":15},"6":{"loc":{"start":{"line":18,"column":8},"end":{"line":20,"column":9}},"type":"if","locations":[{"start":{"line":18,"column":8},"end":{"line":20,"column":9}},{"start":{"line":18,"column":8},"end":{"line":20,"column":9}}],"line":18},"7":{"loc":{"start":{"line":21,"column":8},"end":{"line":29,"column":9}},"type":"if","locations":[{"start":{"line":21,"column":8},"end":{"line":29,"column":9}},{"start":{"line":21,"column":8},"end":{"line":29,"column":9}}],"line":21},"8":{"loc":{"start":{"line":25,"column":12},"end":{"line":28,"column":13}},"type":"if","locations":[{"start":{"line":25,"column":12},"end":{"line":28,"column":13}},{"start":{"line":25,"column":12},"end":{"line":28,"column":13}}],"line":25},"9":{"loc":{"start":{"line":30,"column":8},"end":{"line":32,"column":9}},"type":"if","locations":[{"start":{"line":30,"column":8},"end":{"line":32,"column":9}},{"start":{"line":30,"column":8},"end":{"line":32,"column":9}}],"line":30},"10":{"loc":{"start":{"line":30,"column":12},"end":{"line":30,"column":47}},"type":"binary-expr","locations":[{"start":{"line":30,"column":12},"end":{"line":30,"column":17}},{"start":{"line":30,"column":21},"end":{"line":30,"column":47}}],"line":30},"11":{"loc":{"start":{"line":38,"column":15},"end":{"line":40,"column":46}},"type":"binary-expr","locations":[{"start":{"line":38,"column":15},"end":{"line":38,"column":54}},{"start":{"line":39,"column":15},"end":{"line":39,"column":49}},{"start":{"line":40,"column":15},"end":{"line":40,"column":46}}],"line":38},"12":{"loc":{"start":{"line":43,"column":8},"end":{"line":45,"column":9}},"type":"if","locations":[{"start":{"line":43,"column":8},"end":{"line":45,"column":9}},{"start":{"line":43,"column":8},"end":{"line":45,"column":9}}],"line":43}},"s":{"0":1,"1":1,"2":1,"3":1,"4":1,"5":3,"6":3,"7":3,"8":3,"9":3,"10":3,"11":0,"12":3,"13":0,"14":3,"15":0,"16":3,"17":0,"18":0,"19":3,"20":0,"21":0,"22":0,"23":3,"24":0,"25":3,"26":0,"27":1},"f":{"0":1,"1":3,"2":0,"3":0,"4":3,"5":0},"b":{"0":[1,1,1],"1":[0,1],"2":[1,1],"3":[0],"4":[3],"5":[0,3],"6":[0,3],"7":[0,3],"8":[0,3],"9":[0,3],"10":[3,0],"11":[0,0,0],"12":[0,3]},"inputSourceMap":{"version":3,"file":"/home/dauliac/Workspace/koleg/api/src/domain/user/UserIdentity.ts","sources":["/home/dauliac/Workspace/koleg/api/src/domain/user/UserIdentity.ts"],"names":[],"mappings":";;;;;;AAAA,sDAA6C;AAE7C,MAAa,YAAY;IAIrB,YACa,SAAiB,EACjB,QAAgB,EAChB,WAAmB,IAAI,EACvB,QAAgB,IAAI;QAHpB,cAAS,GAAT,SAAS,CAAQ;QACjB,aAAQ,GAAR,QAAQ,CAAQ;QAChB,aAAQ,GAAR,QAAQ,CAAe;QACvB,UAAK,GAAL,KAAK,CAAe;QANhB,gBAAW,GAAG,4BAA4B,CAAC;QAQxD,IAAI,CAAC,IAAI,CAAC,SAAS,EAAE;YACjB,MAAM,IAAI,KAAK,CAAC,oCAAoC,CAAC,CAAC;SACzD;QAED,IAAI,CAAC,IAAI,CAAC,QAAQ,EAAE;YAChB,MAAM,IAAI,KAAK,CAAC,mCAAmC,CAAC,CAAC;SACxD;QAED,IAAI,CAAC,QAAQ,EAAE;YACX,IAAI,CAAC,QAAQ,GAAG,IAAI,CAAC,YAAY,CAAC,IAAI,CAAC,WAAW,EAAE,CAAC,CAAC;SACzD;aAAM;YACH,IAAI,QAAQ,KAAK,IAAI,CAAC,YAAY,CAAC,QAAQ,CAAC,EAAE;gBAC1C,IAAI,CAAC,QAAQ,GAAG,QAAQ,CAAA;gBACxB,MAAM,IAAI,KAAK,CAAC,oEAAoE,CAAC,CAAA;aACxF;SACJ;QAED,IAAI,KAAK,IAAI,CAAC,IAAI,CAAC,aAAa,CAAC,KAAK,CAAC,EAAE;YACrC,MAAM,IAAI,KAAK,CAAC,uCAAuC,CAAC,CAAC;SAC5D;IACL,CAAC;IAEM,WAAW;QACd,OAAO,GAAG,IAAI,CAAC,SAAS,IAAI,IAAI,CAAC,QAAQ,EAAE,CAAC;IAChD,CAAC;IAEM,OAAO,CAAC,gBAAwB;QACnC,OAAO,gBAAgB,KAAK,IAAI,CAAC,WAAW,EAAE;eACvC,gBAAgB,KAAK,IAAI,CAAC,QAAQ;eAClC,gBAAgB,KAAK,IAAI,CAAC,KAAK,CAAC;IAC3C,CAAC;IAEO,YAAY,CAAC,aAAqB;QACtC,IAAI,CAAC,aAAa,EAAE;YAChB,MAAM,IAAI,KAAK,CAAC,wCAAwC,CAAC,CAAA;SAC5D;QAED,OAAO,iBAAO,CACV,aAA
[...]
e();\n    return ReturnCodes.UPDATED;\n  }\n\n  public getPassword(): Password {\n    return this._password;\n  }\n\n  // BirthDate =======\n  public getBirthDate(): Date {\n    return this._birthdate;\n  }\n\n\n  public updateBirthDate(birthdayDate: Date): ReturnCodes {\n    if (!birthdayDate) {\n      throw new Error('Invalid argument birthdayDate: Date.');\n    }\n\n    if (birthdayDate > new Date()) {\n      throw new Error('Invalid argument you birthdayDate is in future.');\n    }\n\n    if (!this._isEditable()) {\n      return ReturnCodes.NOT_EDITABLE;\n    }\n\n    this._birthdate = birthdayDate;\n    this._update();\n    return ReturnCodes.UPDATED;\n  }\n\n  // PhoneNumber =======\n  public getPhoneNumber(): PhoneNumber[] {\n    return this._phoneNumbers;\n  }\n\n  public addPhoneNumber(phoneNumber: PhoneNumber): ReturnCodes {\n    if (!phoneNumber) {\n      throw new Error('Invalid argument phoneNumber: is null.');\n    }\n\n    if (!this._isEditable()) {\n      return ReturnCodes.NOT_EDITABLE;\n    }\n\n    let returnCode: ReturnCodes = ReturnCodes.CREATED;\n\n    const phoneNumberIndex = this._findPhoneNumberIndexInList(phoneNumber);\n\n    if (phoneNumberIndex >= 0) {\n      returnCode = ReturnCodes.DUPLICATED;\n    }\n\n    this._phoneNumbers.push(phoneNumber);\n    this._update();\n    return returnCode;\n  }\n\n  public removePhoneNumber(phoneNumber: PhoneNumber): ReturnCodes {\n    if (!phoneNumber) {\n      throw new Error('Invalid argument phoneNumber: is null');\n    }\n\n    const phoneNumberIndex = this._findPhoneNumberIndexInList(phoneNumber);\n\n    if (phoneNumberIndex >= 0) {\n      this._phoneNumbers.splice(phoneNumberIndex, 1);\n      this._update();\n      return ReturnCodes.REMOVED;\n    }\n\n    return ReturnCodes.NOT_FOUND;\n  }\n\n  // Groups =======\n  public addGroup(newGroupId: string): ReturnCodes {\n    if (!newGroupId) {\n      throw new Error('Invalid argument newGroup: Group');\n    }\n\n    if (!this._isEditable()) {\n      return ReturnCodes.NOT_EDITABLE;\n    }\n\n    if (this._groupsIds.includes(newGroupId)) {\n      return ReturnCodes.NOTHING_CHANGED;\n    }\n\n    this._groupsIds.push(newGroupId);\n    return ReturnCodes.UPDATED;\n  }\n\n  public getGroupIds(): string[] {\n    return this._groupsIds;\n  }\n\n  public removeGroup(groupId: string): ReturnCodes {\n    if (!groupId) {\n      throw new Error('Invalid argument newGroup: Group');\n    }\n\n    if (!this._isEditable()) {\n      return ReturnCodes.NOT_EDITABLE;\n    }\n\n    const groupIndex: number = this._groupsIds.indexOf(groupId);\n    if (groupIndex) {\n      delete this._groupsIds[groupIndex];\n      return ReturnCodes.REMOVED;\n    }\n\n    return ReturnCodes.NOT_FOUND;\n  }\n\n  public updateGroups(groupsIds: string[]): ReturnCodes {\n    this._groupsIds = groupsIds;\n    return ReturnCodes.UPDATED;\n  }\n\n  // Jobs =======\n  public getJob(): Job {\n    return this._job;\n  }\n\n  public updateJob(job: Job): ReturnCodes {\n    if (!job) {\n      throw new Error('Invalid argument job: Job');\n    }\n\n    if (!this._isEditable()) {\n      return ReturnCodes.NOT_EDITABLE;\n    }\n\n    this._job = job;\n    this._update();\n    return ReturnCodes.UPDATED;\n  }\n\n  // Disable =======\n  public isDisabled(): boolean {\n    return this._disableDate <= new Date();\n  }\n\n  public disable(): number {\n    let returnCode: ReturnCodes = ReturnCodes.NOTHING_CHANGED;\n    // TODO: Edit expiration notion,\n    // It's might be redondant with disabling notion\n    // Can expiration be disableDate in the future ?\n    if (!this._disableDate) {\n      returnCode = ReturnCodes.UPDATED\n      this._disableDate = new Date();\n      this._update();\n    }\n    return returnCode;\n  }\n\n  public enable(): ReturnCodes {\n    let returnCode: ReturnCodes = ReturnCodes.NOTHING_CHANGED;\n\n    if (this._disableDate) {\n      returnCode = ReturnCodes.UPDATED\n      this._disableDate = null;\n      this._update();\n    }\n    return returnCode;\n  }\n\n  // ProfilePictureUrl =======\n  public getProfilePictureUrl(): URL {\n    return this._profilePictureUrl;\n  }\n\n  public updateProfilePictureUrl(profilePictureUrl: URL): ReturnCodes {\n    if (!profilePictureUrl) {\n      throw new Error('Invalid argument profilePictureUrl: URL');\n    }\n\n    if (!this._isEditable()) {\n      return ReturnCodes.NOT_EDITABLE;\n    }\n\n    this._profilePictureUrl = profilePictureUrl;\n    this._update();\n    return ReturnCodes.UPDATED;\n  }\n\n  // SshKey =======\n  public updateSshKey(sshKey: SshKey): ReturnCodes {\n    if (!sshKey) {\n      throw new Error('Invalid argument sshKay: SshKey');\n    }\n\n    if (!this._isEditable()) {\n      return ReturnCodes.NOT_EDITABLE;\n    }\n\n    let returnCode: ReturnCodes = ReturnCodes.UPDATED;\n    if (!this._sshKey) {\n      returnCode = ReturnCodes.CREATED;\n    }\n\n    this._sshKey = sshKey;\n    this._update();\n    return returnCode;\n  }\n\n  // Expiration =======\n  public isExpired(): boolean {\n    return this._expirationDate && this._expirationDate < new Date();\n  }\n\n  public canLogin(password: string, declinedIdentity: string): boolean {\n    return !this.isDisabled()\n      && this._identity.control(declinedIdentity)\n      && this._password.isValueValid(password)\n      && !this.isExpired();\n  }\n\n  // Exporting =======\n  public getReadable(): ReadableUser {\n    const publicKey: string = deepCopy(this._sshKey.publicKey);\n\n    return new ReadableUser(\n      this._id,\n      this._identity,\n      this._job,\n      this._groupsIds,\n      this._profilePictureUrl,\n      publicKey,\n      this._phoneNumbers,\n      this._birthdate, // TODO: Do we need to deepCopy date to detatch from User ?\n      this._expirationDate,\n      this._creationDate,\n      this._disableDate,\n      this._updateDate);\n  }\n\n  public getStateLessUser(): StatelessUser {\n    return new StatelessUser(\n      this._id,\n      this._creationDate,\n      this._updateDate,\n      this._identity,\n      this._password,\n      this._birthdate,\n      this._passwordHistory,\n      this._phoneNumbers,\n      this._groupsIds,\n      this._job,\n      this._disableDate,\n      this._profilePictureUrl,\n      this._sshKey,\n      this._expirationDate\n    );\n  }\n\n  // Privates =======\n  private _wasPasswordAlreadyUsed(password: Password): boolean {\n    return this._passwordHistory.some(historicPassword => password.hasSameValue(historicPassword));\n  }\n\n  private _isEditable(): boolean {\n    return !this.isExpired() && !this.isDisabled()\n  }\n\n  private _update(): void {\n    this._updateDate = new Date();\n  }\n\n  private _findPhoneNumberIndexInList(phoneNumber: PhoneNumber): ReturnCodes {\n\n    // Return -1 for not found\n    return this._phoneNumbers\n      .findIndex(registeredPhoneNumber => phoneNumber.hasSameValue(registeredPhoneNumber));\n  }\n}\n"]},"_coverageSchema":"1a1c01bbd47fc00a2c39e90264f33305004495a9","hash":"e7f362845a0fb41714855dc49eca6c486d5136dc","contentHash":"2bf969de7d3ee8e38b0dfb80d57df37da8d0e818d686147a568016a4287d066a"},"/home/dauliac/Workspace/koleg/api/src/domain/user/ReadableUser.ts":{"path":"/home/dauliac/Workspace/koleg/api/src/domain/user/ReadableUser.ts","statementMap":{"0":{"start":{"line":2,"column":22},"end":{"line":4,"column":1}},"1":{"start":{"line":3,"column":4},"end":{"line":3,"column":62}},"2":{"start":{"line":5,"column":0},"end":{"line":5,"column":62}},"3":{"start":{"line":6,"column":0},"end":{"line":6,"column":30}},"4":{"start":{"line":7,"column":21},"end":{"line":7,"column":59}},"5":{"start":{"line":10,"column":8},"end":{"line":10,"column":23}},"6":{"start":{"line":11,"column":8},"end":{"line":11,"column":35}},"7":{"start":{"line":12,"column":8},"end":{"line":12,"column":25}},"8":{"start":{"line":13,"column":8},"end":{"line":13,"column":37}},"9":{"start":{"line":14,"column":8},"end":{"line":14,"column":53}},"10":{"start":{"line":15,"column":8},"end":{"line":15,"column":43}},"11":{"start":{"line":16,"column":8},"end":{"line":16,"column":43}},"12":{"start":{"line":17,"column":8},"end":{"line":17,"column":47}},"13":{"start":{"line":18,"column":8},"end":{"line":18,"column":37}},"14":{"start":{"line":19,"column":8},"end":{"line":19,"column":43}},"15":{"start":{"line":20,"column":8},"end":{"line":20,"column":41}},"16":{"start":{"line":21,"column":8},"end":{"line":21,"column":39}},"17":{"start":{"line":24,"column":8},"end":{"line":24,"column":47}},"18":{"start":{"line":27,"column":8},"end":{"line":27,"column":24}},"19":{"start":{"line":30,"column":8},"end":{"line":30,"column":32}},"20":{"start":{"line":33,"column":8},"end":{"line":33,"column":30}},"21":{"start":{"line":36,"column":8},"end":{"line":36,"column":25}},"22":{"start":{"line":39,"column":8},"end":{"line":39,"column":31}},"23":{"start":{"line":42,"column":8},"end":{"line":42,"column":39}},"24":{"start":{"line":45,"column":8},"end":{"line":45,"column":73}},"25":{"start":{"line":48,"column":8},"end":{"line":48,"column":34}},"26":{"start":{"line":51,"column":8},"end":{"line":51,"column":34}},"27":{"start":{"line":54,"column":8},"end":{"line":54,"column":34}},"28":{"start":{"line":57,"column":8},"end":{"line":57,"column":36}},"29":{"start":{"line":60,"column":8},"end":{"line":60,"column":33}},"30":{"start":{"line":63,"column":8},"end":{"line":63,"column":31}},"31":{"start":{"line":66,"column":8},"end":{"line":66,"column":47}},"32":{"start":{"line":69,"column":0},"end":{"line":69,"column":36}}},"fnMap":{"0":{"name":"(anonymous_0)","decl":{"start":{"line":2,"column":56},"end":{"line":2,"column":57}},"loc":{"start":{"line":2,"column":71},"end":{"line":4,"column":1}},"line":2},"1":{"name":"(anonymous_1)","decl":{"start":{"line":9,"column":4},"end":{"line":9,"column":5}},"loc":{"start":{"line":9,"column":192},"end":{"line":22,"column":5}},"line":9},"2":{"name":"(anonymous_2)","decl":{"start":{"line":23,"column":4},"end":{"line":23,"column":5}},"loc":{"start":{"line":23,"column":17},"end":{"line":25,"column":5}},"line":23},"3":{"name":"(anonymous_3)","decl":{"start":{"line":26,"column":4},"end":{"line":26,"column":5}},"loc":{"start":{"line":26,"column":12},"end":{"line":28,"column":5}},"line":26},"4":{"name":"(anonymous_4)","decl":{"start":{"line":29,"column":4},"end":{"line":29,"column":5}},"loc":{"start":{"line":29,"column":20},"end":{"line":31,"column":5}},"line":29},"5":{"name":"(anonymous_5)","decl":{"start":{"line":32,"column":4},"end":{"line":32,"column":5}},"loc":{"start":{"line":32,"column":18},"end":{"line":34,"column":5}},"line":32},"6":{"name":"(anonymous_6)","decl":{"start":{"line":35,"column":4},"end":{"line":35,"column":5}},"loc":{"start":{"line":35,"column":13},"end":{"line":37,"column":5}},"line":35},"7":{"name":"(anonymous_7)","decl":{"start":{"line":38,"column":4},"end":{"line":38,"column":5}},"loc":{"start":{"line":38,"column":18},"end":{"line":40,"column":5}},"line":38},"8":{"name":"(anonymous_8)","decl":{"start":{"line":41,"column":4},"end":{"line":41,"column":5}},"loc":{"start":{"line":41,"column":27},"end":{"line":43,"column":5}},"line":41},"9":{"name":"(anonymous_9)","decl":{"start":{"line":44,"column":4},"end":{"line":44,"column":5}},"loc":{"start":{"line":44,"column":16},"end":{"line":46,"column":5}},"line":44},"10":{"name":"(anonymous_10)","decl":{"start":{"line":47,"column":4},"end":{"line":47,"column":5}},"loc":{"start":{"line":47,"column":22},"end":{"line":49,"column":5}},"line":47},"11":{"name":"(anonymous_11)","decl":{"start":{"line":50,"column":4},"end":{"line":50,"column":5}},"loc":{"start":{"line":50,"column":22},"end":{"line":52,"column":5}},"line":50},"12":{"name":"(anonymous_12)","decl":{"start":{"line":53,"column":4},"end":{"line":53,"column":5}},"loc":{"start":{"line":53,"column":22},"end":{"line":55,"column":5}},"line":53},"13":{"name":"(anonymous_13)","decl":{"start":{"line":56,"column":4},"end":{"line":56,"column":5}},"loc":{"start":{"line":56,"column":24},"end":{"line":58,"column":5}},"line":56},"14":{"name":"(anonymous_14)","decl":{"start":{"line":59,"column":4},"end":{"line":59,"column":5}},"loc":{"start":{"line":59,"column":21},"end":{"line":61,"column":5}},"line":59},"15":{"name":"(anonymous_15)","decl":{"start":{"line":62,"column":4},"end":{"line":62,"column":5}},"loc":{"start":{"line":62,"column":19},"end":{"line":64,"column":5}},"line":62},"16":{"name":"(anonymous_16)","decl":{"start":{"line":65,"column":4},"end":{"line":65,"column":5}},"loc":{"start":{"line":65,"column":16},"end":{"line":67,"column":5}},"line":65}},"branchMap":{"0":{"loc":{"start":{"line":2,"column":22},"end":{"line":4,"column":1}},"type":"binary-expr","locations":[{"start":{"line":2,"column":23},"end":{"line":2,"column":27}},{"start":{"line":2,"column":31},"end":{"line":2,"column":51}},{"start":{"line":2,"column":56},"end":{"line":4,"column":1}}],"line":2},"1":{"loc":{"start":{"line":3,"column":11},"end":{"line":3,"column":61}},"type":"cond-expr","locations":[{"start":{"line":3,"column":37},"end":{"line":3,"column":40}},{"start":{"line":3,"column":43},"end":{"line":3,"column":61}}],"line":3},"2":{"loc":{"start":{"line":3,"column":12},"end":{"line":3,"column":33}},"type":"binary-expr","locations":[{"start":{"line":3,"column":12},"end":{"line":3,"column":15}},{"start":{"line":3,"column":19},"end":{"line":3,"column":33}}],"line":3},"3":{"loc":{"start":{"line":9,"column":129},"end":{"line":9,"column":149}},"type":"default-arg","locations":[{"start":{"line":9,"column":145},"end":{"line":9,"column":149}}],"line":9},"4":{"loc":{"start":{"line":9,"column":151},"end":{"line":9,"column":170}},"type":"default-arg","locations":[{"start":{"line":9,"column":166},"end":{"line":9,"column":170}}],"line":9},"5":{"loc":{"start":{"line":9,"column":172},"end":{"line":9,"column":190}},"type":"default-arg","locations":[{"start":{"line":9,"column":186},"end":{"line":9,"column":190}}],"line":9},"6":{"loc":{"start":{"line":45,"column":15},"end":{"line":45,"column":72}},"type":"binary-expr","locations":[{"start":{"line":45,"column":15},"end":{"line":45,"column":35}},{"start":{"line":45,"column":39},"end":{"line":45,"column":72}}],"line":45}},"s":{"0":1,"1":1,"2":1,"3":1,"4":1,"5":3,"6":3,"7":3,"8":3,"9":3,"10":3,"11":3,"12":3,"13":3,"14":3,"15":3,"16":3,"17":0,"18":0,"19":0,"20":0,"21":0,"22":0,"23":0,"24":0,"25":0,"26":0,"27":0,"28":0,"29":0,"30":0,"31":0,"32":1},"f":{"0":1,"1":3,"2":0,"3":0,"4":0,"5":0,"6":0,"7":0,"8":0,"9":0,"10":0,"11":0,"12":0,"13":0,"14":0,"15":0,"16":0},"b":{"0":[1,1,1],"1":[0,1],"2":[1,1],"3":[0],"4":[0],"5":[0],"6":[0,0]},"inputSourceMap":{"version":3,"file":"/home/dauliac/Workspace/koleg/api/src/domain/user/ReadableUser.ts","sources":["/home/dauliac/Workspace/koleg/api/src/domain/user/ReadableUser.ts"],"names":[],"mappings":";;;;;;AAAA,4DAAmC;AAMnC,MAAa,YAAY;IACvB,YACU,GAAW,EACX,SAAuB,EACvB,IAAS,EACT,UAAoB,EACpB,kBAAuB,EACvB,aAAqB,EACrB,aAA4B,EAC5B,eAAqB,EACrB,UAAgB,EAChB,gBAAsB,IAAI,EAC1B,eAAqB,IAAI,EACzB,cAAoB,IAAI;QAXxB,QAAG,GAAH,GAAG,CAAQ;QACX,cAAS,GAAT,SAAS,CAAc;QACvB,SAAI,GAAJ,IAAI,CAAK;QACT,eAAU,GAAV,UAAU,CAAU;QACpB,uBAAkB,GAAlB,kBAAkB,CAAK;QACvB,kBAAa,GAAb,aAAa,CAAQ;QACrB,kBAAa,GAAb,aAAa,CAAe;QAC5B,oBAAe,GAAf,eAAe,CAAM;QACrB,eAAU,GAAV,UAAU,CAAM;QAChB,kBAAa,GAAb,aAAa,CAAa;QAC1B,iBAAY,GAAZ,YAAY,CAAa;QACzB,gBAAW,GAAX,WAAW,CAAa;IAC/B,CAAC;IAEG,UAAU;QACf,OAAO,IAAI,CAAC,YAAY,IAAI,IAAI,IAAI,EAAE,CAAC;IACzC,CAAC;IAEM,KAAK;QACV,OAAO,IAAI,CAAC,GAAG,CAAC;IAClB,CAAC;IAEM,aAAa;QAClB,OAAO,IAAI,CAAC,WAAW,CAAC;IAC1B,CAAC;IAEM,WAAW;QAChB,OAAO,IAAI,CAAC,SAAS,CAAC;IACxB,CAAC;IAEM,MAAM;QACX,OAAO,IAAI,CAAC,IAAI,CAAC;IACnB,CAAC;IAEM,WAAW;QAChB,OAAO,IAAI,CAAC,UAAU,CAAC;IACzB,CAAC;IAEM,oBAAoB;QACzB,OAAO,IAAI,CAAC,kBAAkB,CAAC;IACjC,CAAC;IAEM,SAAS;QACd,OAAO,IAAI,CAAC,eAAe,IAAI,IAAI,CAAC,eAAe,GAAG,IAAI,IAAI,EAAE,CAAC;IACnE,CAAC;IAEM,eAAe;QACpB,OAAO,IAAI,CAAC,aAAa,CAAC;IAC5B,CAAC;IAEM,eAAe;QACpB,OAAO,IAAI,CAAC,aAAa,CAAC;IAC5B,CAAC;IAEM,eAAe;QACpB,OAAO,IAAI,CAAC,aAAa,CAAC;IAC5B,CAAC;IAEM,iBAAiB;QACtB,OAAO,IAAI,CAAC,eAAe,CAAC;IAC9B,CAAC;IAEM,cAAc;QACnB,OAAO,IAAI,CAAC,YAAY,CAAC;IAC3B,CAAC;IAEM,YAAY;QACjB,OAAO,IAAI,CAAC,UAAU,CAAC;IACzB,CAAC;IAEM,MAAM,CAAC,GAAY;QACxB,OAAO,oBAAS,CAAC,IAAI,EAAE,GAAG,CAAC,CAAC;IAC9B,CAAC;CACF;AA3ED,oCA2EC","sourcesContent":["import deepEqual from 'deep-equal';\n\nimport { PhoneNumber } from './PhoneNumber';\nimport { UserIdentity } from './UserIdentity';\nimport { Job } from './Job';\n\nexport class ReadableUser {\n  constructor(\n    private _id: string,\n    private _identity: UserIdentity,\n    private _job: Job,\n    private _groupsIds: string[],\n    private _profilePictureUrl: URL,\n    private _sshPublicKey: string,\n    private _phoneNumbers: PhoneNumber[],\n    private _expirationDate: Date,\n    private _birthdate: Date,\n    private _creationDate: Date = null,\n    private _disableDate: Date = null,\n    private _updateDate: Date = null\n  ) {}\n\n  public isDisabled():boolean {\n    return this._disableDate <= new Date();\n  }\n\n  public getId(): string {\n    return this._id;\n  }\n\n  public getUpdateDate(): Date {\n    return this._updateDate;\n  }\n\n  public getIdentity(): UserIdentity {\n    return this._identity;\n  }\n\n  public getJob(): Job {\n    return this._job;\n  }\n\n  public getGroupIds(): string[] {\n    return this._groupsIds;\n  }\n\n  public getProfilePictureUrl(): URL {\n    return this._profilePictureUrl;\n  }\n\n  public isExpired(): boolean {\n    return this._expirationDate && this._expirationDate < new Date();\n  }\n\n  public getSshPublicKey(): string {\n    return this._sshPublicKey;\n  }\n\n  public getPhoneNumbers(): PhoneNumber[] {\n    return this._phoneNumbers;\n  }\n\n  public getCreationDate(): Date {\n    return this._creationDate;\n  }\n\n  public getExpirationDate(): Date {\n    return this._expirationDate;\n  }\n\n  public getDisableDate(): Date {\n    return this._disableDate;\n  }\n\n  public getBirthDate(): Date {\n    return this._birthdate;\n  }\n\n  public equals(obj: unknown): boolean {\n    return deepEqual(this, obj);\n  }\n}"]},"_coverageSchema":"1a1c01bbd47fc00a2c39e90264f33305004495a9","hash":"63aa965e9b2fc81aa22790dcdbd273070681b548","contentHash":"0d8f7387b13bd2230d7fbebd33d0e9630573ea24b4e54c5a5c63fca57e553834"},"/home/dauliac/Workspace/koleg/api/tests/domain/user.ts":{"path":"/home/dauliac/Workspace/koleg/api/tests/domain/user.ts","statementMap":{"0":{"start":{"line":2,"column":0},"end":{"line":2,"column":62}},"1":{"start":{"line":3,"column":0},"end":{"line":3,"column":27}},"2":{"start":{"line":4,"column":24},"end":{"line":4,"column":50}},"3":{"start":{"line":5,"column":18},"end":{"line":8,"column":1}},"4":{"start":{"line":6,"column":26},"end":{"line":6,"column":72}},"5":{"start":{"line":7,"column":4},"end":{"line":7,"column":47}},"6":{"start":{"line":9,"column":0},"end":{"line":9,"column":30}}},"fnMap":{"0":{"name":"(anonymous_0)","decl":{"start":{"line":5,"column":18},"end":{"line":5,"column":19}},"loc":{"start":{"line":5,"column":36},"end":{"line":8,"column":1}},"line":5}},"branchMap":{},"s":{"0":1,"1":1,"2":1,"3":1,"4":1,"5":1,"6":1},"f":{"0":1},"b":{},"inputSourceMap":{"version":3,"file":"/home/dauliac/Workspace/koleg/api/tests/domain/user.ts","sources":["/home/dauliac/Workspace/koleg/api/tests/domain/user.ts"],"names":[],"mappings":";;;AAEA,mDAAmD;AAE5C,MAAM,SAAS,GAAG,CAAC,YAA0B,EAAU,EAAE;IAE5D,MAAM,aAAa,GAAkB,gCAAgB,CAAC,YAAY,CAAC,CAAC;IAEpE,OAAO,YAAY,CAAC,OAAO,CAAC,aAAa,CAAC,CAAC;AAC/C,CAAC,CAAA;AALY,QAAA,SAAS,aAKrB","sourcesContent":["import { Organisation } from '../../src/domain/organisation';\nimport { StatelessUser } from '../../src/domain/user/StatelessUser';\nimport { genStatelessUser } from './statelessUser';\n\nexport const genUserId = (organisation: Organisation): string => {\n\n    const statelessUser: StatelessUser = genStatelessUser(organisation);\n\n    return organisation.addUser(statelessUser);\n}\n"]},"_coverageSchema":"1a1c01bbd47fc00a2c39e90264f33305004495a9","hash":"069702f13160028703448388519a703dfbc95611","contentHash":"65e716268ded4756cc5a5983c0573c8ab8c17b45a89543f918b83b9be3a68440"}}