TN:
SF:src/domain/organisation.ts
FN:20,(anonymous_0)
FN:27,(anonymous_1)
FN:31,(anonymous_2)
FN:35,(anonymous_3)
FN:51,(anonymous_4)
FN:58,(anonymous_5)
FN:63,(anonymous_6)
FN:79,(anonymous_7)
FN:107,(anonymous_8)
FN:110,(anonymous_9)
FN:117,(anonymous_10)
FN:127,(anonymous_11)
FN:139,(anonymous_12)
FN:149,(anonymous_13)
FN:166,(anonymous_14)
FN:175,(anonymous_15)
FN:187,(anonymous_16)
FN:200,(anonymous_17)
FN:202,(anonymous_18)
FN:214,(anonymous_19)
FN:216,(anonymous_20)
FN:227,(anonymous_21)
FN:253,(anonymous_22)
FN:284,(anonymous_23)
FN:289,(anonymous_24)
FN:331,(anonymous_25)
FN:336,(anonymous_26)
FN:349,(anonymous_27)
FN:353,(anonymous_28)
FN:363,(anonymous_29)
FN:366,(anonymous_30)
FN:374,(anonymous_31)
FN:393,(anonymous_32)
FN:402,(anonymous_33)
FN:412,(anonymous_34)
FN:416,(anonymous_35)
FNF:36
FNH:15
FNDA:5,(anonymous_0)
FNDA:0,(anonymous_1)
FNDA:0,(anonymous_2)
FNDA:0,(anonymous_3)
FNDA:0,(anonymous_4)
FNDA:3,(anonymous_5)
FNDA:5,(anonymous_6)
FNDA:0,(anonymous_7)
FNDA:1,(anonymous_8)
FNDA:1,(anonymous_9)
FNDA:0,(anonymous_10)
FNDA:2,(anonymous_11)
FNDA:0,(anonymous_12)
FNDA:1,(anonymous_13)
FNDA:1,(anonymous_14)
FNDA:0,(anonymous_15)
FNDA:1,(anonymous_16)
FNDA:0,(anonymous_17)
FNDA:0,(anonymous_18)
FNDA:0,(anonymous_19)
FNDA:0,(anonymous_20)
FNDA:1,(anonymous_21)
FNDA:0,(anonymous_22)
FNDA:1,(anonymous_23)
FNDA:1,(anonymous_24)
FNDA:0,(anonymous_25)
FNDA:0,(anonymous_26)
FNDA:2,(anonymous_27)
FNDA:3,(anonymous_28)
FNDA:2,(anonymous_29)
FNDA:0,(anonymous_30)
FNDA:0,(anonymous_31)
FNDA:0,(anonymous_32)
FNDA:0,(anonymous_33)
FNDA:0,(anonymous_34)
FNDA:0,(anonymous_35)
DA:1,1
DA:3,1
DA:4,1
DA:6,1
DA:8,1
DA:11,1
DA:14,1
DA:16,5
DA:17,5
DA:18,5
DA:21,5
DA:22,5
DA:24,5
DA:28,0
DA:32,0
DA:36,0
DA:37,0
DA:40,0
DA:41,0
DA:43,0
DA:44,0
DA:52,0
DA:53,0
DA:55,0
DA:59,3
DA:60,3
DA:72,5
DA:73,0
DA:75,5
DA:76,5
DA:78,5
DA:79,0
DA:80,0
DA:81,0
DA:83,0
DA:84,0
DA:87,5
DA:95,5
DA:96,0
DA:99,5
DA:100,5
DA:108,1
DA:110,1
DA:111,1
DA:114,1
DA:118,0
DA:119,0
DA:121,0
DA:122,0
DA:124,0
DA:128,2
DA:129,0
DA:132,2
DA:133,2
DA:134,0
DA:136,2
DA:140,0
DA:141,0
DA:143,0
DA:144,0
DA:146,0
DA:150,1
DA:151,0
DA:154,1
DA:155,0
DA:158,1
DA:159,1
DA:160,0
DA:164,1
DA:165,1
DA:166,1
DA:167,1
DA:168,0
DA:173,1
DA:175,1
DA:176,0
DA:177,0
DA:178,0
DA:182,1
DA:184,1
DA:188,1
DA:189,0
DA:192,1
DA:193,0
DA:196,1
DA:197,1
DA:201,0
DA:202,0
DA:203,0
DA:204,0
DA:205,0
DA:208,0
DA:209,0
DA:211,0
DA:215,0
DA:216,0
DA:217,0
DA:218,0
DA:221,0
DA:222,0
DA:224,0
DA:228,1
DA:229,0
DA:231,1
DA:232,0
DA:236,1
DA:237,0
DA:240,1
DA:241,0
DA:244,1
DA:246,1
DA:247,1
DA:248,1
DA:251,1
DA:253,0
DA:254,0
DA:255,0
DA:258,0
DA:259,0
DA:260,0
DA:262,0
DA:265,1
DA:266,1
DA:267,0
DA:269,1
DA:272,1
DA:275,1
DA:276,1
DA:277,0
DA:279,1
DA:282,1
DA:283,1
DA:284,1
DA:285,1
DA:288,1
DA:289,1
DA:290,1
DA:295,1
DA:298,1
DA:299,1
DA:300,0
DA:302,1
DA:305,1
DA:306,1
DA:307,1
DA:308,0
DA:310,1
DA:315,1
DA:318,0
DA:319,0
DA:320,0
DA:321,0
DA:323,0
DA:327,1
DA:328,1
DA:332,0
DA:333,0
DA:337,0
DA:338,0
DA:339,0
DA:342,0
DA:350,2
DA:354,3
DA:356,3
DA:357,0
DA:360,3
DA:364,2
DA:366,2
DA:367,0
DA:370,2
DA:371,2
DA:376,0
DA:378,0
DA:379,0
DA:386,0
DA:387,0
DA:389,0
DA:394,0
DA:396,0
DA:397,0
DA:399,0
DA:402,0
DA:403,0
DA:404,0
DA:408,0
DA:413,0
DA:415,0
DA:416,0
LF:188
LH:89
BRDA:36,0,0,0
BRDA:36,0,1,0
BRDA:40,1,0,0
BRDA:40,1,1,0
BRDA:52,2,0,0
BRDA:52,2,1,0
BRDA:67,3,0,0
BRDA:72,4,0,0
BRDA:72,4,1,5
BRDA:78,5,0,0
BRDA:78,5,1,5
BRDA:80,6,0,0
BRDA:80,6,1,0
BRDA:93,7,0,5
BRDA:93,7,1,4
BRDA:95,8,0,0
BRDA:95,8,1,5
BRDA:118,9,0,0
BRDA:118,9,1,0
BRDA:121,10,0,0
BRDA:121,10,1,0
BRDA:128,11,0,0
BRDA:128,11,1,2
BRDA:133,12,0,0
BRDA:133,12,1,2
BRDA:140,13,0,0
BRDA:140,13,1,0
BRDA:143,14,0,0
BRDA:143,14,1,0
BRDA:150,15,0,0
BRDA:150,15,1,1
BRDA:154,16,0,0
BRDA:154,16,1,1
BRDA:158,17,0,1
BRDA:158,17,1,0
BRDA:159,18,0,0
BRDA:159,18,1,1
BRDA:164,19,0,1
BRDA:164,19,1,0
BRDA:164,20,0,1
BRDA:164,20,1,1
BRDA:167,21,0,0
BRDA:167,21,1,1
BRDA:177,22,0,0
BRDA:177,22,1,0
BRDA:188,23,0,0
BRDA:188,23,1,1
BRDA:192,24,0,0
BRDA:192,24,1,1
BRDA:203,25,0,0
BRDA:203,25,1,0
BRDA:203,26,0,0
BRDA:203,26,1,0
BRDA:208,27,0,0
BRDA:208,27,1,0
BRDA:217,28,0,0
BRDA:217,28,1,0
BRDA:221,29,0,0
BRDA:221,29,1,0
BRDA:228,30,0,0
BRDA:228,30,1,1
BRDA:231,31,0,0
BRDA:231,31,1,1
BRDA:236,32,0,0
BRDA:236,32,1,1
BRDA:240,33,0,0
BRDA:240,33,1,1
BRDA:247,34,0,1
BRDA:247,34,1,0
BRDA:251,35,0,0
BRDA:251,35,1,1
BRDA:251,36,0,1
BRDA:251,36,1,0
BRDA:254,37,0,0
BRDA:254,37,1,0
BRDA:259,38,0,0
BRDA:259,38,1,0
BRDA:265,39,0,1
BRDA:265,39,1,0
BRDA:266,40,0,0
BRDA:266,40,1,1
BRDA:272,41,0,1
BRDA:272,41,1,0
BRDA:272,42,0,1
BRDA:272,42,1,1
BRDA:276,43,0,0
BRDA:276,43,1,1
BRDA:282,44,0,1
BRDA:282,44,1,0
BRDA:288,45,0,1
BRDA:288,45,1,0
BRDA:295,46,0,1
BRDA:295,46,1,0
BRDA:295,47,0,1
BRDA:295,47,1,1
BRDA:299,48,0,0
BRDA:299,48,1,1
BRDA:305,49,0,1
BRDA:305,49,1,0
BRDA:307,50,0,0
BRDA:307,50,1,1
BRDA:315,51,0,0
BRDA:315,51,1,1
BRDA:315,52,0,1
BRDA:315,52,1,0
BRDA:320,53,0,0
BRDA:320,53,1,0
BRDA:338,54,0,0
BRDA:338,54,1,0
BRDA:356,55,0,0
BRDA:356,55,1,3
BRDA:366,56,0,0
BRDA:366,56,1,2
BRDA:378,57,0,0
BRDA:378,57,1,0
BRDA:396,58,0,0
BRDA:396,58,1,0
BRDA:403,59,0,0
BRDA:403,59,1,0
BRF:119
BRH:42
end_of_record
TN:
SF:src/domain/enums/phone-type.enum.ts
FN:1,(anonymous_0)
FNF:1
FNH:1
FNDA:1,(anonymous_0)
DA:1,1
DA:2,1
DA:3,1
DA:4,1
DA:5,1
LF:5
LH:5
BRDA:1,0,0,1
BRDA:1,0,1,1
BRF:2
BRH:2
end_of_record
TN:
SF:src/domain/enums/return-codes.enum.ts
FN:1,(anonymous_0)
FNF:1
FNH:1
FNDA:1,(anonymous_0)
DA:1,1
DA:2,1
DA:3,1
DA:4,1
DA:5,1
DA:6,1
DA:7,1
DA:8,1
DA:9,1
DA:10,1
DA:11,1
DA:12,1
DA:13,1
LF:13
LH:13
BRDA:1,0,0,1
BRDA:1,0,1,1
BRF:2
BRH:2
end_of_record
TN:
SF:src/domain/group/Group.ts
FN:8,(anonymous_0)
FN:24,(anonymous_1)
FN:28,(anonymous_2)
FN:32,(anonymous_3)
FN:36,(anonymous_4)
FN:45,(anonymous_5)
FN:49,(anonymous_6)
FN:57,(anonymous_7)
FN:64,(anonymous_8)
FN:66,(anonymous_9)
FN:69,(anonymous_10)
FN:76,(anonymous_11)
FN:84,(anonymous_12)
FN:91,(anonymous_13)
FN:98,(anonymous_14)
FN:101,(anonymous_15)
FN:110,(anonymous_16)
FN:116,(anonymous_17)
FN:125,(anonymous_18)
FN:129,(anonymous_19)
FNF:20
FNH:9
FNDA:5,(anonymous_0)
FNDA:11,(anonymous_1)
FNDA:0,(anonymous_2)
FNDA:0,(anonymous_3)
FNDA:0,(anonymous_4)
FNDA:0,(anonymous_5)
FNDA:0,(anonymous_6)
FNDA:3,(anonymous_7)
FNDA:3,(anonymous_8)
FNDA:0,(anonymous_9)
FNDA:0,(anonymous_10)
FNDA:0,(anonymous_11)
FNDA:0,(anonymous_12)
FNDA:0,(anonymous_13)
FNDA:1,(anonymous_14)
FNDA:0,(anonymous_15)
FNDA:1,(anonymous_16)
FNDA:1,(anonymous_17)
FNDA:1,(anonymous_18)
FNDA:3,(anonymous_19)
DA:1,1
DA:3,1
DA:5,1
DA:7,1
DA:9,5
DA:10,5
DA:11,5
DA:12,5
DA:13,5
DA:14,5
DA:16,5
DA:17,5
DA:19,5
DA:20,1
DA:25,11
DA:29,0
DA:33,0
DA:37,0
DA:38,0
DA:41,0
DA:42,0
DA:46,0
DA:50,0
DA:51,0
DA:53,0
DA:54,0
DA:58,3
DA:59,1
DA:61,2
DA:65,3
DA:66,0
DA:70,0
DA:71,0
DA:73,0
DA:77,0
DA:78,0
DA:80,0
DA:87,0
DA:92,0
DA:99,1
DA:101,0
DA:104,1
DA:105,1
DA:107,0
DA:111,1
DA:117,1
DA:118,1
DA:121,0
DA:122,0
DA:126,1
DA:130,3
LF:51
LH:27
BRDA:11,0,0,0
BRDA:12,1,0,4
BRDA:13,2,0,0
BRDA:14,3,0,0
BRDA:16,4,0,5
BRDA:16,4,1,0
BRDA:19,5,0,1
BRDA:19,5,1,4
BRDA:37,6,0,0
BRDA:37,6,1,0
BRDA:50,7,0,0
BRDA:50,7,1,0
BRDA:58,8,0,1
BRDA:58,8,1,2
BRDA:70,9,0,0
BRDA:70,9,1,0
BRDA:77,10,0,0
BRDA:77,10,1,0
BRDA:87,11,0,0
BRDA:87,11,1,0
BRDA:104,12,0,1
BRDA:104,12,1,0
BRDA:117,13,0,1
BRDA:117,13,1,0
BRF:24
BRH:8
end_of_record
TN:
SF:src/domain/group/readableGroup.ts
FN:3,(anonymous_0)
FNF:1
FNH:1
FNDA:3,(anonymous_0)
DA:1,1
DA:4,3
DA:5,3
DA:6,3
DA:7,3
DA:8,3
DA:9,3
LF:7
LH:7
BRF:0
BRH:0
end_of_record
TN:
SF:src/domain/user/Job.ts
FN:8,(anonymous_1)
FN:27,(anonymous_2)
FN:31,(anonymous_3)
FN:35,(anonymous_4)
FN:39,(anonymous_5)
FN:43,(anonymous_6)
FN:55,(anonymous_7)
FNF:7
FNH:2
FNDA:3,(anonymous_1)
FNDA:7,(anonymous_2)
FNDA:0,(anonymous_3)
FNDA:0,(anonymous_4)
FNDA:0,(anonymous_5)
FNDA:0,(anonymous_6)
FNDA:0,(anonymous_7)
DA:1,1
DA:2,1
DA:4,1
DA:6,3
DA:9,3
DA:10,3
DA:11,3
DA:12,3
DA:14,3
DA:15,0
DA:18,3
DA:19,3
DA:22,3
DA:23,0
DA:28,7
DA:32,0
DA:36,0
DA:40,0
DA:44,0
DA:57,0
DA:58,0
DA:60,0
LF:22
LH:13
BRDA:14,0,0,0
BRDA:14,0,1,3
BRDA:18,1,0,3
BRDA:18,1,1,0
BRDA:22,2,0,0
BRDA:22,2,1,3
BRDA:22,3,0,3
BRDA:22,3,1,3
BRDA:57,4,0,0
BRDA:57,4,1,0
BRF:10
BRH:5
end_of_record
TN:
SF:src/domain/user/Password.ts
FN:6,(anonymous_0)
FN:20,(anonymous_1)
FN:24,(anonymous_2)
FN:28,(anonymous_3)
FN:32,(anonymous_4)
FN:36,(anonymous_5)
FN:40,(anonymous_6)
FNF:7
FNH:1
FNDA:4,(anonymous_0)
FNDA:0,(anonymous_1)
FNDA:0,(anonymous_2)
FNDA:0,(anonymous_3)
FNDA:0,(anonymous_4)
FNDA:0,(anonymous_5)
FNDA:0,(anonymous_6)
DA:2,1
DA:4,4
DA:7,4
DA:8,4
DA:21,0
DA:25,0
DA:29,0
DA:33,0
DA:37,0
DA:41,0
DA:42,0
LF:11
LH:4
BRDA:8,0,0,1
BRDA:37,1,0,0
BRDA:37,1,1,0
BRF:3
BRH:1
end_of_record
TN:
SF:src/domain/user/PhoneNumber.ts
FN:7,(anonymous_0)
FN:24,(anonymous_1)
FN:28,(anonymous_2)
FNF:3
FNH:3
FNDA:4,(anonymous_0)
FNDA:1,(anonymous_1)
FNDA:4,(anonymous_2)
DA:3,1
DA:5,4
DA:8,4
DA:9,4
DA:11,4
DA:12,0
DA:15,4
DA:16,4
DA:17,0
DA:20,0
DA:25,1
DA:29,4
LF:12
LH:9
BRDA:11,0,0,0
BRDA:11,0,1,4
BRDA:15,1,0,4
BRDA:15,1,1,0
BRDA:16,2,0,0
BRDA:16,2,1,4
BRF:6
BRH:3
end_of_record
TN:
SF:src/domain/user/ReadableUser.ts
FN:8,(anonymous_1)
FN:23,(anonymous_2)
FN:27,(anonymous_3)
FN:31,(anonymous_4)
FN:35,(anonymous_5)
FN:39,(anonymous_6)
FN:43,(anonymous_7)
FN:47,(anonymous_8)
FN:51,(anonymous_9)
FN:55,(anonymous_10)
FN:59,(anonymous_11)
FN:63,(anonymous_12)
FN:67,(anonymous_13)
FN:71,(anonymous_14)
FN:75,(anonymous_15)
FN:79,(anonymous_16)
FNF:16
FNH:1
FNDA:3,(anonymous_1)
FNDA:0,(anonymous_2)
FNDA:0,(anonymous_3)
FNDA:0,(anonymous_4)
FNDA:0,(anonymous_5)
FNDA:0,(anonymous_6)
FNDA:0,(anonymous_7)
FNDA:0,(anonymous_8)
FNDA:0,(anonymous_9)
FNDA:0,(anonymous_10)
FNDA:0,(anonymous_11)
FNDA:0,(anonymous_12)
FNDA:0,(anonymous_13)
FNDA:0,(anonymous_14)
FNDA:0,(anonymous_15)
FNDA:0,(anonymous_16)
DA:1,1
DA:7,1
DA:9,3
DA:10,3
DA:11,3
DA:12,3
DA:13,3
DA:14,3
DA:15,3
DA:16,3
DA:17,3
DA:18,3
DA:19,3
DA:20,3
DA:24,0
DA:28,0
DA:32,0
DA:36,0
DA:40,0
DA:44,0
DA:48,0
DA:52,0
DA:56,0
DA:60,0
DA:64,0
DA:68,0
DA:72,0
DA:76,0
DA:80,0
LF:29
LH:14
BRDA:18,0,0,0
BRDA:19,1,0,0
BRDA:20,2,0,0
BRDA:52,3,0,0
BRDA:52,3,1,0
BRF:5
BRH:0
end_of_record
TN:
SF:src/domain/user/SshKey.ts
FN:4,(anonymous_0)
FNF:1
FNH:1
FNDA:4,(anonymous_0)
DA:2,1
DA:5,4
DA:6,4
DA:8,4
DA:9,0
DA:12,4
DA:13,0
LF:7
LH:5
BRDA:8,0,0,0
BRDA:8,0,1,4
BRDA:12,1,0,0
BRDA:12,1,1,4
BRF:4
BRH:2
end_of_record
TN:
SF:src/domain/user/StatelessUser.ts
FN:7,(anonymous_0)
FNF:1
FNH:1
FNDA:3,(anonymous_0)
DA:6,1
DA:8,3
DA:9,3
DA:10,3
DA:11,3
DA:12,3
DA:13,3
DA:14,3
DA:15,3
DA:16,3
DA:17,3
DA:18,3
DA:19,3
DA:20,3
DA:21,3
LF:15
LH:15
BRF:0
BRH:0
end_of_record
TN:
SF:src/domain/user/User.ts
FN:30,(anonymous_0)
FN:75,(anonymous_1)
FN:88,(anonymous_2)
FN:93,(anonymous_3)
FN:98,(anonymous_4)
FN:103,(anonymous_5)
FN:107,(anonymous_6)
FN:122,(anonymous_7)
FN:141,(anonymous_8)
FN:146,(anonymous_9)
FN:151,(anonymous_10)
FN:170,(anonymous_11)
FN:174,(anonymous_12)
FN:196,(anonymous_13)
FN:213,(anonymous_14)
FN:230,(anonymous_15)
FN:234,(anonymous_16)
FN:252,(anonymous_17)
FN:258,(anonymous_18)
FN:262,(anonymous_19)
FN:274,(anonymous_20)
FN:281,(anonymous_21)
FN:294,(anonymous_22)
FN:306,(anonymous_23)
FN:310,(anonymous_24)
FN:325,(anonymous_25)
FN:347,(anonymous_26)
FN:354,(anonymous_27)
FN:358,(anonymous_28)
FN:364,(anonymous_29)
FN:372,(anonymous_30)
FN:391,(anonymous_31)
FN:411,(anonymous_32)
FN:412,(anonymous_33)
FN:415,(anonymous_34)
FN:419,(anonymous_35)
FN:423,(anonymous_36)
FN:427,(anonymous_37)
FNF:38
FNH:19
FNDA:1,(anonymous_0)
FNDA:0,(anonymous_1)
FNDA:3,(anonymous_2)
FNDA:0,(anonymous_3)
FNDA:0,(anonymous_4)
FNDA:0,(anonymous_5)
FNDA:1,(anonymous_6)
FNDA:0,(anonymous_7)
FNDA:0,(anonymous_8)
FNDA:1,(anonymous_9)
FNDA:1,(anonymous_10)
FNDA:1,(anonymous_11)
FNDA:1,(anonymous_12)
FNDA:1,(anonymous_13)
FNDA:0,(anonymous_14)
FNDA:0,(anonymous_15)
FNDA:0,(anonymous_16)
FNDA:0,(anonymous_17)
FNDA:0,(anonymous_18)
FNDA:1,(anonymous_19)
FNDA:6,(anonymous_20)
FNDA:0,(anonymous_21)
FNDA:0,(anonymous_22)
FNDA:1,(anonymous_23)
FNDA:1,(anonymous_24)
FNDA:1,(anonymous_25)
FNDA:6,(anonymous_26)
FNDA:0,(anonymous_27)
FNDA:0,(anonymous_28)
FNDA:0,(anonymous_29)
FNDA:3,(anonymous_30)
FNDA:0,(anonymous_31)
FNDA:0,(anonymous_32)
FNDA:0,(anonymous_33)
FNDA:6,(anonymous_34)
FNDA:7,(anonymous_35)
FNDA:2,(anonymous_36)
FNDA:1,(anonymous_37)
DA:1,1
DA:8,1
DA:9,1
DA:10,1
DA:12,1
DA:20,1
DA:21,1
DA:22,1
DA:23,1
DA:24,1
DA:25,1
DA:26,1
DA:27,1
DA:31,1
DA:32,0
DA:35,1
DA:36,0
DA:39,1
DA:40,0
DA:43,1
DA:44,0
DA:47,1
DA:48,0
DA:50,1
DA:53,1
DA:54,1
DA:55,1
DA:56,1
DA:57,1
DA:58,1
DA:60,1
DA:61,1
DA:63,1
DA:64,1
DA:65,1
DA:66,1
DA:67,1
DA:69,1
DA:70,1
DA:72,0
DA:73,0
DA:74,0
DA:76,0
DA:79,0
DA:83,1
DA:84,1
DA:89,3
DA:94,0
DA:99,0
DA:104,0
DA:108,1
DA:109,0
DA:112,1
DA:113,0
DA:116,1
DA:117,1
DA:118,1
DA:123,0
DA:124,0
DA:127,0
DA:128,0
DA:131,0
DA:132,0
DA:135,0
DA:136,0
DA:137,0
DA:138,0
DA:142,0
DA:147,1
DA:152,1
DA:153,0
DA:156,1
DA:157,0
DA:160,1
DA:161,0
DA:164,1
DA:165,1
DA:166,1
DA:171,1
DA:175,1
DA:176,0
DA:179,1
DA:180,0
DA:183,1
DA:185,1
DA:187,1
DA:188,0
DA:191,1
DA:192,1
DA:193,1
DA:197,1
DA:198,0
DA:201,1
DA:203,1
DA:204,1
DA:205,1
DA:206,1
DA:209,0
DA:214,0
DA:215,0
DA:218,0
DA:219,0
DA:222,0
DA:223,0
DA:226,0
DA:227,0
DA:231,0
DA:235,0
DA:236,0
DA:239,0
DA:240,0
DA:243,0
DA:244,0
DA:245,0
DA:246,0
DA:249,0
DA:253,0
DA:254,0
DA:259,0
DA:264,1
DA:265,0
DA:268,1
DA:269,1
DA:270,1
DA:275,6
DA:276,6
DA:278,0
DA:282,0
DA:286,0
DA:287,0
DA:288,0
DA:289,0
DA:291,0
DA:295,0
DA:297,0
DA:298,0
DA:299,0
DA:300,0
DA:302,0
DA:307,1
DA:311,1
DA:312,0
DA:315,1
DA:316,0
DA:319,1
DA:320,1
DA:321,1
DA:326,1
DA:327,0
DA:330,1
DA:331,0
DA:334,1
DA:335,1
DA:336,0
DA:339,1
DA:340,1
DA:341,1
DA:351,6
DA:355,0
DA:359,0
DA:360,0
DA:361,0
DA:365,0
DA:373,3
DA:374,3
DA:376,3
DA:392,0
DA:412,0
DA:416,6
DA:420,7
DA:426,2
DA:427,1
LF:172
LH:91
BRDA:31,0,0,0
BRDA:31,0,1,1
BRDA:35,1,0,0
BRDA:35,1,1,1
BRDA:39,2,0,0
BRDA:39,2,1,1
BRDA:43,3,0,0
BRDA:43,3,1,1
BRDA:47,4,0,0
BRDA:47,4,1,1
BRDA:57,5,0,1
BRDA:57,5,1,0
BRDA:57,6,0,1
BRDA:57,6,1,1
BRDA:60,7,0,1
BRDA:60,7,1,0
BRDA:60,8,0,1
BRDA:60,8,1,1
BRDA:69,9,0,1
BRDA:69,9,1,0
BRDA:72,10,0,0
BRDA:72,10,1,0
BRDA:74,11,0,0
BRDA:74,11,1,0
BRDA:108,12,0,0
BRDA:108,12,1,1
BRDA:112,13,0,0
BRDA:112,13,1,1
BRDA:123,14,0,0
BRDA:123,14,1,0
BRDA:127,15,0,0
BRDA:127,15,1,0
BRDA:131,16,0,0
BRDA:131,16,1,0
BRDA:152,17,0,0
BRDA:152,17,1,1
BRDA:156,18,0,0
BRDA:156,18,1,1
BRDA:160,19,0,0
BRDA:160,19,1,1
BRDA:175,20,0,0
BRDA:175,20,1,1
BRDA:179,21,0,0
BRDA:179,21,1,1
BRDA:187,22,0,0
BRDA:187,22,1,1
BRDA:197,23,0,0
BRDA:197,23,1,1
BRDA:203,24,0,1
BRDA:203,24,1,0
BRDA:214,25,0,0
BRDA:214,25,1,0
BRDA:218,26,0,0
BRDA:218,26,1,0
BRDA:222,27,0,0
BRDA:222,27,1,0
BRDA:235,28,0,0
BRDA:235,28,1,0
BRDA:239,29,0,0
BRDA:239,29,1,0
BRDA:244,30,0,0
BRDA:244,30,1,0
BRDA:264,31,0,0
BRDA:264,31,1,1
BRDA:275,32,0,6
BRDA:275,32,1,0
BRDA:286,33,0,0
BRDA:286,33,1,0
BRDA:297,34,0,0
BRDA:297,34,1,0
BRDA:311,35,0,0
BRDA:311,35,1,1
BRDA:315,36,0,0
BRDA:315,36,1,1
BRDA:326,37,0,0
BRDA:326,37,1,1
BRDA:330,38,0,0
BRDA:330,38,1,1
BRDA:335,39,0,0
BRDA:335,39,1,1
BRDA:351,40,0,6
BRDA:351,40,1,0
BRDA:365,41,0,0
BRDA:365,41,1,0
BRDA:365,41,2,0
BRDA:365,41,3,0
BRDA:373,42,0,3
BRDA:373,42,1,0
BRDA:374,43,0,0
BRDA:374,43,1,3
BRDA:416,44,0,6
BRDA:416,44,1,6
BRF:92
BRH:34
end_of_record
TN:
SF:src/domain/user/UserIdentity.ts
FN:7,(anonymous_1)
FN:35,(anonymous_2)
FN:39,(anonymous_3)
FN:45,(anonymous_4)
FN:50,(anonymous_5)
FN:65,(anonymous_6)
FNF:6
FNH:2
FNDA:4,(anonymous_1)
FNDA:0,(anonymous_2)
FNDA:0,(anonymous_3)
FNDA:0,(anonymous_4)
FNDA:4,(anonymous_5)
FNDA:0,(anonymous_6)
DA:1,1
DA:3,1
DA:5,4
DA:8,4
DA:9,4
DA:10,4
DA:11,4
DA:13,4
DA:14,0
DA:17,4
DA:18,0
DA:21,4
DA:22,0
DA:24,4
DA:25,0
DA:26,0
DA:30,4
DA:31,0
DA:36,0
DA:40,0
DA:46,0
DA:51,4
DA:52,0
DA:55,4
DA:66,0
LF:25
LH:14
BRDA:10,0,0,0
BRDA:11,1,0,4
BRDA:13,2,0,0
BRDA:13,2,1,4
BRDA:17,3,0,0
BRDA:17,3,1,4
BRDA:21,4,0,0
BRDA:21,4,1,4
BRDA:24,5,0,0
BRDA:24,5,1,4
BRDA:30,6,0,0
BRDA:30,6,1,4
BRDA:30,7,0,4
BRDA:30,7,1,0
BRDA:40,8,0,0
BRDA:40,8,1,0
BRDA:40,8,2,0
BRDA:46,9,0,0
BRDA:46,9,1,0
BRDA:51,10,0,0
BRDA:51,10,1,4
BRF:21
BRH:8
end_of_record
TN:
SF:tests/domain/group.ts
FN:3,(anonymous_0)
FNF:1
FNH:1
FNDA:5,(anonymous_0)
DA:3,1
DA:7,5
DA:8,5
DA:9,1
DA:11,4
LF:5
LH:5
BRDA:5,0,0,4
BRDA:8,1,0,1
BRDA:8,1,1,4
BRF:3
BRH:3
end_of_record
TN:
SF:tests/domain/job.ts
FN:4,(anonymous_0)
FN:8,(anonymous_1)
FNF:2
FNH:2
FNDA:3,(anonymous_0)
FNDA:2,(anonymous_1)
DA:1,1
DA:4,1
DA:5,3
DA:8,1
DA:10,2
LF:5
LH:5
BRF:0
BRH:0
end_of_record
TN:
SF:tests/domain/main.test.ts
FN:22,(anonymous_0)
FN:23,(anonymous_1)
FN:24,(anonymous_2)
FN:39,(anonymous_3)
FN:40,(anonymous_4)
FN:41,(anonymous_5)
FN:52,(anonymous_6)
FN:53,(anonymous_7)
FN:54,(anonymous_8)
FN:65,(anonymous_9)
FN:66,(anonymous_10)
FN:67,(anonymous_11)
FN:78,(anonymous_12)
FN:79,(anonymous_13)
FN:80,(anonymous_14)
FN:98,(anonymous_15)
FN:99,(anonymous_16)
FN:100,(anonymous_17)
FN:123,(anonymous_18)
FN:124,(anonymous_19)
FN:125,(anonymous_20)
FN:136,(anonymous_21)
FN:137,(anonymous_22)
FN:138,(anonymous_23)
FN:149,(anonymous_24)
FN:150,(anonymous_25)
FN:151,(anonymous_26)
FN:168,(anonymous_27)
FN:169,(anonymous_28)
FN:173,(anonymous_29)
FN:186,(anonymous_30)
FN:201,(anonymous_31)
FN:235,(anonymous_32)
FNF:33
FNH:33
FNDA:1,(anonymous_0)
FNDA:1,(anonymous_1)
FNDA:1,(anonymous_2)
FNDA:1,(anonymous_3)
FNDA:1,(anonymous_4)
FNDA:1,(anonymous_5)
FNDA:1,(anonymous_6)
FNDA:1,(anonymous_7)
FNDA:1,(anonymous_8)
FNDA:1,(anonymous_9)
FNDA:1,(anonymous_10)
FNDA:1,(anonymous_11)
FNDA:1,(anonymous_12)
FNDA:1,(anonymous_13)
FNDA:1,(anonymous_14)
FNDA:1,(anonymous_15)
FNDA:1,(anonymous_16)
FNDA:1,(anonymous_17)
FNDA:1,(anonymous_18)
FNDA:1,(anonymous_19)
FNDA:1,(anonymous_20)
FNDA:1,(anonymous_21)
FNDA:1,(anonymous_22)
FNDA:1,(anonymous_23)
FNDA:1,(anonymous_24)
FNDA:1,(anonymous_25)
FNDA:1,(anonymous_26)
FNDA:1,(anonymous_27)
FNDA:1,(anonymous_28)
FNDA:1,(anonymous_29)
FNDA:1,(anonymous_30)
FNDA:1,(anonymous_31)
FNDA:1,(anonymous_32)
DA:2,1
DA:3,1
DA:4,1
DA:5,1
DA:7,1
DA:8,1
DA:11,1
DA:12,1
DA:13,1
DA:14,1
DA:15,1
DA:16,1
DA:17,1
DA:18,1
DA:19,1
DA:22,1
DA:23,1
DA:24,1
DA:25,1
DA:26,1
DA:27,1
DA:28,0
DA:29,0
DA:32,0
DA:34,1
DA:39,1
DA:40,1
DA:41,1
DA:42,1
DA:43,1
DA:44,0
DA:45,0
DA:47,1
DA:52,1
DA:53,1
DA:54,1
DA:55,1
DA:56,1
DA:58,0
DA:60,1
DA:65,1
DA:66,1
DA:67,1
DA:68,1
DA:69,1
DA:71,0
DA:73,1
DA:78,1
DA:79,1
DA:80,1
DA:81,1
DA:82,1
DA:83,1
DA:85,1
DA:86,0
DA:87,0
DA:90,0
DA:93,1
DA:98,1
DA:99,1
DA:100,1
DA:101,1
DA:102,1
DA:103,1
DA:104,1
DA:106,1
DA:110,0
DA:111,0
DA:114,0
DA:117,1
DA:123,1
DA:124,1
DA:125,1
DA:126,1
DA:127,1
DA:129,0
DA:131,1
DA:136,1
DA:137,1
DA:138,1
DA:139,1
DA:140,1
DA:142,0
DA:144,1
DA:149,1
DA:150,1
DA:151,1
DA:152,1
DA:154,1
DA:156,1
DA:157,1
DA:158,0
DA:159,0
DA:161,1
DA:168,1
DA:169,1
DA:170,1
DA:173,1
DA:174,1
DA:175,1
DA:176,1
DA:177,1
DA:178,0
DA:179,0
DA:182,0
DA:184,1
DA:186,1
DA:187,1
DA:188,1
DA:189,0
DA:190,0
DA:192,1
DA:193,0
DA:194,0
DA:197,0
DA:199,1
DA:201,1
DA:202,1
DA:203,1
DA:204,1
DA:205,1
DA:206,1
DA:207,1
DA:208,1
DA:209,1
DA:211,1
DA:228,1
DA:231,0
DA:233,1
DA:235,1
DA:236,1
DA:237,1
DA:238,0
DA:239,0
DA:242,0
DA:244,1
LF:136
LH:107
BRDA:27,0,0,0
BRDA:27,0,1,1
BRDA:43,1,0,0
BRDA:43,1,1,1
BRDA:85,2,0,0
BRDA:85,2,1,1
BRDA:106,3,0,0
BRDA:106,3,1,1
BRDA:107,4,0,1
BRDA:107,4,1,1
BRDA:157,5,0,0
BRDA:157,5,1,1
BRDA:177,6,0,0
BRDA:177,6,1,1
BRDA:188,7,0,0
BRDA:188,7,1,1
BRDA:192,8,0,0
BRDA:192,8,1,1
BRDA:237,9,0,0
BRDA:237,9,1,1
BRF:20
BRH:11
end_of_record
TN:
SF:tests/domain/organisation.ts
FN:3,(anonymous_0)
FNF:1
FNH:1
FNDA:5,(anonymous_0)
DA:1,1
DA:3,1
DA:4,5
LF:3
LH:3
BRF:0
BRH:0
end_of_record
TN:
SF:tests/domain/password.ts
FN:5,(anonymous_1)
FNF:1
FNH:1
FNDA:3,(anonymous_1)
DA:1,1
DA:3,1
DA:5,1
DA:6,3
DA:8,3
DA:9,3
DA:11,3
LF:7
LH:7
BRF:0
BRH:0
end_of_record
TN:
SF:tests/domain/phoneNumber.ts
FN:4,(anonymous_0)
FNF:1
FNH:1
FNDA:3,(anonymous_0)
DA:1,1
DA:2,1
DA:4,1
DA:5,3
LF:4
LH:4
BRF:0
BRH:0
end_of_record
TN:
SF:tests/domain/sshKey.ts
FN:3,(anonymous_0)
FNF:1
FNH:1
FNDA:3,(anonymous_0)
DA:1,1
DA:3,1
DA:4,3
DA:22,3
DA:31,3
LF:5
LH:5
BRF:0
BRH:0
end_of_record
TN:
SF:tests/domain/statelessUser.ts
FN:17,(anonymous_0)
FNF:1
FNH:1
FNDA:2,(anonymous_0)
DA:6,1
DA:8,1
DA:10,1
DA:11,1
DA:12,1
DA:13,1
DA:17,1
DA:20,2
DA:21,2
DA:22,2
DA:23,2
DA:24,2
DA:25,2
DA:27,2
DA:28,2
DA:29,2
DA:32,2
DA:34,2
DA:50,2
LF:19
LH:19
BRF:0
BRH:0
end_of_record
TN:
SF:tests/domain/user.ts
FN:5,(anonymous_0)
FNF:1
FNH:1
FNDA:1,(anonymous_0)
DA:3,1
DA:5,1
DA:7,1
DA:9,1
LF:4
LH:4
BRF:0
BRH:0
end_of_record
TN:
SF:tests/domain/userIdentity.ts
FN:3,(anonymous_0)
FNF:1
FNH:1
FNDA:3,(anonymous_0)
DA:1,1
DA:3,1
DA:4,3
LF:3
LH:3
BRF:0
BRH:0
end_of_record
